<?xml version="1.0" encoding="UTF-8"?>
<!-- Generated by org.testng.reporters.JUnitXMLReporter -->
<testsuite hostname="ICT-2003278-AQA" name="Maintenance :  Update Milestone(failed)" tests="1" failures="1" timestamp="11 May 2023 18:15:12 GMT" time="37.048" errors="0">
  <testcase name="updateMilestone" time="26.405" classname="testcases.TC010_Maintenance">
    <failure type="java.lang.RuntimeException" message="FAILED">
      <![CDATA[java.lang.RuntimeException: FAILED
	at utils.Reporter.reportStep(Reporter.java:36)
	at utils.Reporter.reportStep(Reporter.java:46)
	at wrappers.GenericWrappers.clickByXpath(GenericWrappers.java:482)
	at pages.P10_Maintenance.updateMilestone(P10_Maintenance.java:64)
	at testcases.TC010_Maintenance.updateMilestone(TC010_Maintenance.java:51)
... Removed 24 stack frames]]>
    </failure>
  </testcase> <!-- updateMilestone -->
</testsuite> <!-- Maintenance :  Update Milestone(failed) -->
