<?xml version="1.0" encoding="UTF-8"?>
<!-- Generated by org.testng.reporters.JUnitXMLReporter -->
<testsuite hostname="ICT-2003278-AQA" name="Settings Kia Connect Notification Turn On(failed)" tests="1" failures="1" timestamp="11 May 2023 18:17:37 GMT" time="27.079" errors="0">
  <testcase name="settingsKiaConnectNotificationAlertsTurnOn" time="16.616" classname="testcases.TC000_Settings">
    <failure type="java.lang.RuntimeException" message="FAILED">
      <![CDATA[java.lang.RuntimeException: FAILED
	at utils.Reporter.reportStep(Reporter.java:36)
	at utils.Reporter.reportStep(Reporter.java:46)
	at wrappers.GenericWrappers.clickByXpath(GenericWrappers.java:482)
	at pages.P0_Settings.settingsKiaConnectNotificationAlertsTurnOn(P0_Settings.java:147)
	at testcases.TC000_Settings.settingsKiaConnectNotificationAlertsTurnOn(TC000_Settings.java:136)
... Removed 24 stack frames]]>
    </failure>
  </testcase> <!-- settingsKiaConnectNotificationAlertsTurnOn -->
</testsuite> <!-- Settings Kia Connect Notification Turn On(failed) -->
