<?xml version="1.0" encoding="UTF-8"?>
<!-- Generated by org.testng.reporters.JUnitXMLReporter -->
<testsuite hostname="ICT-2003278-AQA" name="Settings CP SMS Toggle(failed)" tests="1" failures="1" timestamp="11 May 2023 18:16:08 GMT" time="23.532" errors="0">
  <testcase name="settingsCPEnableToggle" time="14.561" classname="testcases.TC000_Settings">
    <failure type="java.lang.RuntimeException" message="FAILED">
      <![CDATA[java.lang.RuntimeException: FAILED
	at utils.Reporter.reportStep(Reporter.java:36)
	at utils.Reporter.reportStep(Reporter.java:46)
	at wrappers.GenericWrappers.clickByXpath(GenericWrappers.java:482)
	at pages.P0_Settings.settingsCPenableSMStoggle(P0_Settings.java:99)
	at testcases.TC000_Settings.settingsCPEnableToggle(TC000_Settings.java:95)
... Removed 24 stack frames]]>
    </failure>
  </testcase> <!-- settingsCPEnableToggle -->
</testsuite> <!-- Settings CP SMS Toggle(failed) -->
