<?xml version="1.0" encoding="UTF-8"?>
<!-- Generated by org.testng.reporters.JUnitXMLReporter -->
<testsuite hostname="ICT-2003278-AQA" name="Settings Update Personal Details(failed)" tests="1" failures="1" timestamp="11 May 2023 18:15:44 GMT" time="0.156" errors="0">
  <testcase name="personalDetails" time="0.124" classname="testcases.TC000_Settings">
    <failure type="org.testng.TestNGException" message="
The data provider is trying to pass 5 parameters but the method testcases.TC000_Settings#personalDetails takes 4">
      <![CDATA[org.testng.TestNGException: 
The data provider is trying to pass 5 parameters but the method testcases.TC000_Settings#personalDetails takes 4
... Removed 18 stack frames]]>
    </failure>
  </testcase> <!-- personalDetails -->
</testsuite> <!-- Settings Update Personal Details(failed) -->
