<?xml version="1.0" encoding="UTF-8"?>
<!-- Generated by org.testng.reporters.JUnitXMLReporter -->
<testsuite hostname="ICT-2003278-AQA" name="Dashboard(failed)(failed)" tests="1" failures="1" timestamp="19 Apr 2023 05:49:49 GMT" time="151.807" errors="0">
  <testcase name="DashboardClickRemoteClimateStartStop" time="140.117" classname="testcases.TC005_Dashboard">
    <failure type="java.lang.RuntimeException" message="FAILED">
      <![CDATA[java.lang.RuntimeException: FAILED
	at utils.Reporter.reportStep(Reporter.java:36)
	at utils.Reporter.reportStep(Reporter.java:46)
	at wrappers.GenericWrappers.waitUntilElementVisisble(GenericWrappers.java:178)
	at pages.P5_Dashboard.clickRemoteStart(P5_Dashboard.java:53)
	at testcases.TC005_Dashboard.DashboardClickRemoteClimateStartStop(TC005_Dashboard.java:48)
... Removed 24 stack frames]]>
    </failure>
  </testcase> <!-- DashboardClickRemoteClimateStartStop -->
</testsuite> <!-- Dashboard(failed)(failed) -->
