<?xml version="1.0" encoding="UTF-8"?>
<!-- Generated by org.testng.reporters.JUnitXMLReporter -->
<testsuite hostname="HAEI-GDC-025" failures="0" tests="1" name="Speed Alert - Update Speed Alert(failed)(failed)" time="71.193" errors="0" timestamp="9 Jun 2023 11:32:47 GMT">
  <testcase classname="testcases.TC011_MyCarZone" name="@AfterMethod afterMethod" time="0.0">
    <failure type="java.lang.StackOverflowError">
      <![CDATA[java.lang.StackOverflowError
	at java.base/java.lang.Exception.<init>(Exception.java:67)
	at java.base/java.lang.RuntimeException.<init>(RuntimeException.java:63)
	at org.openqa.selenium.WebDriverException.<init>(WebDriverException.java:117)
	at org.openqa.selenium.NoSuchSessionException.<init>(NoSuchSessionException.java:29)
	at org.openqa.selenium.remote.HttpCommandExecutor.execute(HttpCommandExecutor.java:131)
	at org.openqa.selenium.remote.service.DriverCommandExecutor.execute(DriverCommandExecutor.java:83)
	at org.openqa.selenium.remote.RemoteWebDriver.execute(RemoteWebDriver.java:586)
	at org.openqa.selenium.remote.RemoteWebDriver.execute(RemoteWebDriver.java:643)
	at org.openqa.selenium.remote.RemoteWebDriver.getScreenshotAs(RemoteWebDriver.java:328)
	at wrappers.GenericWrappers.takeSnap(GenericWrappers.java:876)
	at utils.Reporter.reportStep(Reporter.java:23)
	at utils.Reporter.reportStep(Reporter.java:46)
	at wrappers.GenericWrappers.takeSnap(GenericWrappers.java:878)
	at utils.Reporter.reportStep(Reporter.java:23)
	at utils.Reporter.reportStep(Reporter.java:46)
	at wrappers.GenericWrappers.takeSnap(GenericWrappers.java:878)
	at utils.Reporter.reportStep(Reporter.java:23)
	at utils.Reporter.reportStep(Reporter.java:46)
	at wrappers.GenericWrappers.takeSnap(GenericWrappers.java:878)
	at utils.Reporter.reportStep(Reporter.java:23)
	at utils.Reporter.reportStep(Reporter.java:46)
	at wrappers.GenericWrappers.takeSnap(GenericWrappers.java:878)
	at utils.Reporter.reportStep(Reporter.java:23)
	at utils.Reporter.reportStep(Reporter.java:46)
	at wrappers.GenericWrappers.takeSnap(GenericWrappers.java:878)
	at utils.Reporter.reportStep(Reporter.java:23)
	at utils.Reporter.reportStep(Reporter.java:46)
	at wrappers.GenericWrappers.takeSnap(GenericWrappers.java:878)
	at utils.Reporter.reportStep(Reporter.java:23)
	at utils.Reporter.reportStep(Reporter.java:46)
	at wrappers.GenericWrappers.takeSnap(GenericWrappers.java:878)
	at utils.Reporter.reportStep(Reporter.java:23)
	at utils.Reporter.reportStep(Reporter.java:46)
	at wrappers.GenericWrappers.takeSnap(GenericWrappers.java:878)
	at utils.Reporter.reportStep(Reporter.java:23)
	at utils.Reporter.reportStep(Reporter.java:46)
	at wrappers.GenericWrappers.takeSnap(GenericWrappers.java:878)
	at utils.Reporter.reportStep(Reporter.java:23)
	at utils.Reporter.reportStep(Reporter.java:46)
	at wrappers.GenericWrappers.takeSnap(GenericWrappers.java:878)
	at utils.Reporter.reportStep(Reporter.java:23)
	at utils.Reporter.reportStep(Reporter.java:46)
	at wrappers.GenericWrappers.takeSnap(GenericWrappers.java:878)
	at utils.Reporter.reportStep(Reporter.java:23)
	at utils.Reporter.reportStep(Reporter.java:46)
	at wrappers.GenericWrappers.takeSnap(GenericWrappers.java:878)
	at utils.Reporter.reportStep(Reporter.java:23)
	at utils.Reporter.reportStep(Reporter.java:46)
	at wrappers.GenericWrappers.takeSnap(GenericWrappers.java:878)
	at utils.Reporter.reportStep(Reporter.java:23)
	at utils.Reporter.reportStep(Reporter.java:46)
	at wrappers.GenericWrappers.takeSnap(GenericWrappers.java:878)
	at utils.Reporter.reportStep(Reporter.java:23)
	at utils.Reporter.reportStep(Reporter.java:46)
	at wrappers.GenericWrappers.takeSnap(GenericWrappers.java:878)
	at utils.Reporter.reportStep(Reporter.java:23)
	at utils.Reporter.reportStep(Reporter.java:46)
	at wrappers.GenericWrappers.takeSnap(GenericWrappers.java:878)
	at utils.Reporter.reportStep(Reporter.java:23)
	at utils.Reporter.reportStep(Reporter.java:46)
	at wrappers.GenericWrappers.takeSnap(GenericWrappers.java:878)
	at utils.Reporter.reportStep(Reporter.java:23)
	at utils.Reporter.reportStep(Reporter.java:46)
	at wrappers.GenericWrappers.takeSnap(GenericWrappers.java:878)
	at utils.Reporter.reportStep(Reporter.java:23)
	at utils.Reporter.reportStep(Reporter.java:46)
	at wrappers.GenericWrappers.takeSnap(GenericWrappers.java:878)
	at utils.Reporter.reportStep(Reporter.java:23)
	at utils.Reporter.reportStep(Reporter.java:46)
	at wrappers.GenericWrappers.takeSnap(GenericWrappers.java:878)
	at utils.Reporter.reportStep(Reporter.java:23)
	at utils.Reporter.reportStep(Reporter.java:46)
	at wrappers.GenericWrappers.takeSnap(GenericWrappers.java:878)
	at utils.Reporter.reportStep(Reporter.java:23)
	at utils.Reporter.reportStep(Reporter.java:46)
	at wrappers.GenericWrappers.takeSnap(GenericWrappers.java:878)
	at utils.Reporter.reportStep(Reporter.java:23)
	at utils.Reporter.reportStep(Reporter.java:46)
	at wrappers.GenericWrappers.takeSnap(GenericWrappers.java:878)
	at utils.Reporter.reportStep(Reporter.java:23)
	at utils.Reporter.reportStep(Reporter.java:46)
	at wrappers.GenericWrappers.takeSnap(GenericWrappers.java:878)
	at utils.Reporter.reportStep(Reporter.java:23)
	at utils.Reporter.reportStep(Reporter.java:46)
	at wrappers.GenericWrappers.takeSnap(GenericWrappers.java:878)
	at utils.Reporter.reportStep(Reporter.java:23)
	at utils.Reporter.reportStep(Reporter.java:46)
	at wrappers.GenericWrappers.takeSnap(GenericWrappers.java:878)
	at utils.Reporter.reportStep(Reporter.java:23)
	at utils.Reporter.reportStep(Reporter.java:46)
	at wrappers.GenericWrappers.takeSnap(GenericWrappers.java:878)
	at utils.Reporter.reportStep(Reporter.java:23)
	at utils.Reporter.reportStep(Reporter.java:46)
	at wrappers.GenericWrappers.takeSnap(GenericWrappers.java:878)
	at utils.Reporter.reportStep(Reporter.java:23)
	at utils.Reporter.reportStep(Reporter.java:46)
	at wrappers.GenericWrappers.takeSnap(GenericWrappers.java:878)
	at utils.Reporter.reportStep(Reporter.java:23)
	at utils.Reporter.reportStep(Reporter.java:46)
	at wrappers.GenericWrappers.takeSnap(GenericWrappers.java:878)
	at utils.Reporter.reportStep(Reporter.java:23)
	at utils.Reporter.reportStep(Reporter.java:46)
	at wrappers.GenericWrappers.takeSnap(GenericWrappers.java:878)
	at utils.Reporter.reportStep(Reporter.java:23)
	at utils.Reporter.reportStep(Reporter.java:46)
	at wrappers.GenericWrappers.takeSnap(GenericWrappers.java:878)
	at utils.Reporter.reportStep(Reporter.java:23)
	at utils.Reporter.reportStep(Reporter.java:46)
	at wrappers.GenericWrappers.takeSnap(GenericWrappers.java:878)
	at utils.Reporter.reportStep(Reporter.java:23)
	at utils.Reporter.reportStep(Reporter.java:46)
	at wrappers.GenericWrappers.takeSnap(GenericWrappers.java:878)
	at utils.Reporter.reportStep(Reporter.java:23)
	at utils.Reporter.reportStep(Reporter.java:46)
	at wrappers.GenericWrappers.takeSnap(GenericWrappers.java:878)
	at utils.Reporter.reportStep(Reporter.java:23)
	at utils.Reporter.reportStep(Reporter.java:46)
	at wrappers.GenericWrappers.takeSnap(GenericWrappers.java:878)
	at utils.Reporter.reportStep(Reporter.java:23)
	at utils.Reporter.reportStep(Reporter.java:46)
	at wrappers.GenericWrappers.takeSnap(GenericWrappers.java:878)
	at utils.Reporter.reportStep(Reporter.java:23)
	at utils.Reporter.reportStep(Reporter.java:46)
	at wrappers.GenericWrappers.takeSnap(GenericWrappers.java:878)
	at utils.Reporter.reportStep(Reporter.java:23)
	at utils.Reporter.reportStep(Reporter.java:46)
	at wrappers.GenericWrappers.takeSnap(GenericWrappers.java:878)
	at utils.Reporter.reportStep(Reporter.java:23)
	at utils.Reporter.reportStep(Reporter.java:46)
	at wrappers.GenericWrappers.takeSnap(GenericWrappers.java:878)
	at utils.Reporter.reportStep(Reporter.java:23)
	at utils.Reporter.reportStep(Reporter.java:46)
	at wrappers.GenericWrappers.takeSnap(GenericWrappers.java:878)
	at utils.Reporter.reportStep(Reporter.java:23)
	at utils.Reporter.reportStep(Reporter.java:46)
	at wrappers.GenericWrappers.takeSnap(GenericWrappers.java:878)
	at utils.Reporter.reportStep(Reporter.java:23)
	at utils.Reporter.reportStep(Reporter.java:46)
	at wrappers.GenericWrappers.takeSnap(GenericWrappers.java:878)
	at utils.Reporter.reportStep(Reporter.java:23)
	at utils.Reporter.reportStep(Reporter.java:46)
	at wrappers.GenericWrappers.takeSnap(GenericWrappers.java:878)
	at utils.Reporter.reportStep(Reporter.java:23)
	at utils.Reporter.reportStep(Reporter.java:46)
	at wrappers.GenericWrappers.takeSnap(GenericWrappers.java:878)
	at utils.Reporter.reportStep(Reporter.java:23)
	at utils.Reporter.reportStep(Reporter.java:46)
	at wrappers.GenericWrappers.takeSnap(GenericWrappers.java:878)
	at utils.Reporter.reportStep(Reporter.java:23)
	at utils.Reporter.reportStep(Reporter.java:46)
	at wrappers.GenericWrappers.takeSnap(GenericWrappers.java:878)
	at utils.Reporter.reportStep(Reporter.java:23)
	at utils.Reporter.reportStep(Reporter.java:46)
	at wrappers.GenericWrappers.takeSnap(GenericWrappers.java:878)
	at utils.Reporter.reportStep(Reporter.java:23)
	at utils.Reporter.reportStep(Reporter.java:46)
	at wrappers.GenericWrappers.takeSnap(GenericWrappers.java:878)
	at utils.Reporter.reportStep(Reporter.java:23)
	at utils.Reporter.reportStep(Reporter.java:46)
	at wrappers.GenericWrappers.takeSnap(GenericWrappers.java:878)
	at utils.Reporter.reportStep(Reporter.java:23)
	at utils.Reporter.reportStep(Reporter.java:46)
	at wrappers.GenericWrappers.takeSnap(GenericWrappers.java:878)
	at utils.Reporter.reportStep(Reporter.java:23)
	at utils.Reporter.reportStep(Reporter.java:46)
	at wrappers.GenericWrappers.takeSnap(GenericWrappers.java:878)
	at utils.Reporter.reportStep(Reporter.java:23)
	at utils.Reporter.reportStep(Reporter.java:46)
	at wrappers.GenericWrappers.takeSnap(GenericWrappers.java:878)
	at utils.Reporter.reportStep(Reporter.java:23)
	at utils.Reporter.reportStep(Reporter.java:46)
	at wrappers.GenericWrappers.takeSnap(GenericWrappers.java:878)
	at utils.Reporter.reportStep(Reporter.java:23)
	at utils.Reporter.reportStep(Reporter.java:46)
	at wrappers.GenericWrappers.takeSnap(GenericWrappers.java:878)
	at utils.Reporter.reportStep(Reporter.java:23)
	at utils.Reporter.reportStep(Reporter.java:46)
	at wrappers.GenericWrappers.takeSnap(GenericWrappers.java:878)
	at utils.Reporter.reportStep(Reporter.java:23)
	at utils.Reporter.reportStep(Reporter.java:46)
	at wrappers.GenericWrappers.takeSnap(GenericWrappers.java:878)
	at utils.Reporter.reportStep(Reporter.java:23)
	at utils.Reporter.reportStep(Reporter.java:46)
	at wrappers.GenericWrappers.takeSnap(GenericWrappers.java:878)
	at utils.Reporter.reportStep(Reporter.java:23)
	at utils.Reporter.reportStep(Reporter.java:46)
	at wrappers.GenericWrappers.takeSnap(GenericWrappers.java:878)
	at utils.Reporter.reportStep(Reporter.java:23)
	at utils.Reporter.reportStep(Reporter.java:46)
	at wrappers.GenericWrappers.takeSnap(GenericWrappers.java:878)
	at utils.Reporter.reportStep(Reporter.java:23)
	at utils.Reporter.reportStep(Reporter.java:46)
	at wrappers.GenericWrappers.takeSnap(GenericWrappers.java:878)
	at utils.Reporter.reportStep(Reporter.java:23)
	at utils.Reporter.reportStep(Reporter.java:46)
	at wrappers.GenericWrappers.takeSnap(GenericWrappers.java:878)
	at utils.Reporter.reportStep(Reporter.java:23)
	at utils.Reporter.reportStep(Reporter.java:46)
	at wrappers.GenericWrappers.takeSnap(GenericWrappers.java:878)
	at utils.Reporter.reportStep(Reporter.java:23)
	at utils.Reporter.reportStep(Reporter.java:46)
	at wrappers.GenericWrappers.takeSnap(GenericWrappers.java:878)
	at utils.Reporter.reportStep(Reporter.java:23)
	at utils.Reporter.reportStep(Reporter.java:46)
	at wrappers.GenericWrappers.takeSnap(GenericWrappers.java:878)
	at utils.Reporter.reportStep(Reporter.java:23)
	at utils.Reporter.reportStep(Reporter.java:46)
	at wrappers.GenericWrappers.takeSnap(GenericWrappers.java:878)
	at utils.Reporter.reportStep(Reporter.java:23)
	at utils.Reporter.reportStep(Reporter.java:46)
	at wrappers.GenericWrappers.takeSnap(GenericWrappers.java:878)
	at utils.Reporter.reportStep(Reporter.java:23)
	at utils.Reporter.reportStep(Reporter.java:46)
	at wrappers.GenericWrappers.takeSnap(GenericWrappers.java:878)
	at utils.Reporter.reportStep(Reporter.java:23)
	at utils.Reporter.reportStep(Reporter.java:46)
	at wrappers.GenericWrappers.takeSnap(GenericWrappers.java:878)
	at utils.Reporter.reportStep(Reporter.java:23)
	at utils.Reporter.reportStep(Reporter.java:46)
	at wrappers.GenericWrappers.takeSnap(GenericWrappers.java:878)
	at utils.Reporter.reportStep(Reporter.java:23)
	at utils.Reporter.reportStep(Reporter.java:46)
	at wrappers.GenericWrappers.takeSnap(GenericWrappers.java:878)
	at utils.Reporter.reportStep(Reporter.java:23)
	at utils.Reporter.reportStep(Reporter.java:46)
	at wrappers.GenericWrappers.takeSnap(GenericWrappers.java:878)
	at utils.Reporter.reportStep(Reporter.java:23)
	at utils.Reporter.reportStep(Reporter.java:46)
	at wrappers.GenericWrappers.takeSnap(GenericWrappers.java:878)
	at utils.Reporter.reportStep(Reporter.java:23)
	at utils.Reporter.reportStep(Reporter.java:46)
	at wrappers.GenericWrappers.takeSnap(GenericWrappers.java:878)
	at utils.Reporter.reportStep(Reporter.java:23)
	at utils.Reporter.reportStep(Reporter.java:46)
	at wrappers.GenericWrappers.takeSnap(GenericWrappers.java:878)
	at utils.Reporter.reportStep(Reporter.java:23)
	at utils.Reporter.reportStep(Reporter.java:46)
	at wrappers.GenericWrappers.takeSnap(GenericWrappers.java:878)
	at utils.Reporter.reportStep(Reporter.java:23)
	at utils.Reporter.reportStep(Reporter.java:46)
	at wrappers.GenericWrappers.takeSnap(GenericWrappers.java:878)
	at utils.Reporter.reportStep(Reporter.java:23)
	at utils.Reporter.reportStep(Reporter.java:46)
	at wrappers.GenericWrappers.takeSnap(GenericWrappers.java:878)
	at utils.Reporter.reportStep(Reporter.java:23)
	at utils.Reporter.reportStep(Reporter.java:46)
	at wrappers.GenericWrappers.takeSnap(GenericWrappers.java:878)
	at utils.Reporter.reportStep(Reporter.java:23)
	at utils.Reporter.reportStep(Reporter.java:46)
	at wrappers.GenericWrappers.takeSnap(GenericWrappers.java:878)
	at utils.Reporter.reportStep(Reporter.java:23)
	at utils.Reporter.reportStep(Reporter.java:46)
	at wrappers.GenericWrappers.takeSnap(GenericWrappers.java:878)
	at utils.Reporter.reportStep(Reporter.java:23)
	at utils.Reporter.reportStep(Reporter.java:46)
	at wrappers.GenericWrappers.takeSnap(GenericWrappers.java:878)
	at utils.Reporter.reportStep(Reporter.java:23)
	at utils.Reporter.reportStep(Reporter.java:46)
	at wrappers.GenericWrappers.takeSnap(GenericWrappers.java:878)
	at utils.Reporter.reportStep(Reporter.java:23)
	at utils.Reporter.reportStep(Reporter.java:46)
	at wrappers.GenericWrappers.takeSnap(GenericWrappers.java:878)
	at utils.Reporter.reportStep(Reporter.java:23)
	at utils.Reporter.reportStep(Reporter.java:46)
	at wrappers.GenericWrappers.takeSnap(GenericWrappers.java:878)
	at utils.Reporter.reportStep(Reporter.java:23)
	at utils.Reporter.reportStep(Reporter.java:46)
	at wrappers.GenericWrappers.takeSnap(GenericWrappers.java:878)
	at utils.Reporter.reportStep(Reporter.java:23)
	at utils.Reporter.reportStep(Reporter.java:46)
	at wrappers.GenericWrappers.takeSnap(GenericWrappers.java:878)
	at utils.Reporter.reportStep(Reporter.java:23)
	at utils.Reporter.reportStep(Reporter.java:46)
	at wrappers.GenericWrappers.takeSnap(GenericWrappers.java:878)
	at utils.Reporter.reportStep(Reporter.java:23)
	at utils.Reporter.reportStep(Reporter.java:46)
	at wrappers.GenericWrappers.takeSnap(GenericWrappers.java:878)
	at utils.Reporter.reportStep(Reporter.java:23)
	at utils.Reporter.reportStep(Reporter.java:46)
	at wrappers.GenericWrappers.takeSnap(GenericWrappers.java:878)
	at utils.Reporter.reportStep(Reporter.java:23)
	at utils.Reporter.reportStep(Reporter.java:46)
	at wrappers.GenericWrappers.takeSnap(GenericWrappers.java:878)
	at utils.Reporter.reportStep(Reporter.java:23)
	at utils.Reporter.reportStep(Reporter.java:46)
	at wrappers.GenericWrappers.takeSnap(GenericWrappers.java:878)
	at utils.Reporter.reportStep(Reporter.java:23)
	at utils.Reporter.reportStep(Reporter.java:46)
	at wrappers.GenericWrappers.takeSnap(GenericWrappers.java:878)
	at utils.Reporter.reportStep(Reporter.java:23)
	at utils.Reporter.reportStep(Reporter.java:46)
	at wrappers.GenericWrappers.takeSnap(GenericWrappers.java:878)
	at utils.Reporter.reportStep(Reporter.java:23)
	at utils.Reporter.reportStep(Reporter.java:46)
	at wrappers.GenericWrappers.takeSnap(GenericWrappers.java:878)
	at utils.Reporter.reportStep(Reporter.java:23)
	at utils.Reporter.reportStep(Reporter.java:46)
	at wrappers.GenericWrappers.takeSnap(GenericWrappers.java:878)
	at utils.Reporter.reportStep(Reporter.java:23)
	at utils.Reporter.reportStep(Reporter.java:46)
	at wrappers.GenericWrappers.takeSnap(GenericWrappers.java:878)
	at utils.Reporter.reportStep(Reporter.java:23)
	at utils.Reporter.reportStep(Reporter.java:46)
	at wrappers.GenericWrappers.takeSnap(GenericWrappers.java:878)
	at utils.Reporter.reportStep(Reporter.java:23)
	at utils.Reporter.reportStep(Reporter.java:46)
	at wrappers.GenericWrappers.takeSnap(GenericWrappers.java:878)
	at utils.Reporter.reportStep(Reporter.java:23)
	at utils.Reporter.reportStep(Reporter.java:46)
	at wrappers.GenericWrappers.takeSnap(GenericWrappers.java:878)
	at utils.Reporter.reportStep(Reporter.java:23)
	at utils.Reporter.reportStep(Reporter.java:46)
	at wrappers.GenericWrappers.takeSnap(GenericWrappers.java:878)
	at utils.Reporter.reportStep(Reporter.java:23)
	at utils.Reporter.reportStep(Reporter.java:46)
	at wrappers.GenericWrappers.takeSnap(GenericWrappers.java:878)
	at utils.Reporter.reportStep(Reporter.java:23)
	at utils.Reporter.reportStep(Reporter.java:46)
	at wrappers.GenericWrappers.takeSnap(GenericWrappers.java:878)
	at utils.Reporter.reportStep(Reporter.java:23)
	at utils.Reporter.reportStep(Reporter.java:46)
	at wrappers.GenericWrappers.takeSnap(GenericWrappers.java:878)
	at utils.Reporter.reportStep(Reporter.java:23)
	at utils.Reporter.reportStep(Reporter.java:46)
	at wrappers.GenericWrappers.takeSnap(GenericWrappers.java:878)
	at utils.Reporter.reportStep(Reporter.java:23)
	at utils.Reporter.reportStep(Reporter.java:46)
	at wrappers.GenericWrappers.takeSnap(GenericWrappers.java:878)
	at utils.Reporter.reportStep(Reporter.java:23)
	at utils.Reporter.reportStep(Reporter.java:46)
	at wrappers.GenericWrappers.takeSnap(GenericWrappers.java:878)
	at utils.Reporter.reportStep(Reporter.java:23)
	at utils.Reporter.reportStep(Reporter.java:46)
	at wrappers.GenericWrappers.takeSnap(GenericWrappers.java:878)
	at utils.Reporter.reportStep(Reporter.java:23)
	at utils.Reporter.reportStep(Reporter.java:46)
	at wrappers.GenericWrappers.takeSnap(GenericWrappers.java:878)
	at utils.Reporter.reportStep(Reporter.java:23)
	at utils.Reporter.reportStep(Reporter.java:46)
	at wrappers.GenericWrappers.takeSnap(GenericWrappers.java:878)
	at utils.Reporter.reportStep(Reporter.java:23)
	at utils.Reporter.reportStep(Reporter.java:46)
	at wrappers.GenericWrappers.takeSnap(GenericWrappers.java:878)
	at utils.Reporter.reportStep(Reporter.java:23)
	at utils.Reporter.reportStep(Reporter.java:46)
	at wrappers.GenericWrappers.takeSnap(GenericWrappers.java:878)
	at utils.Reporter.reportStep(Reporter.java:23)
	at utils.Reporter.reportStep(Reporter.java:46)
	at wrappers.GenericWrappers.takeSnap(GenericWrappers.java:878)
	at utils.Reporter.reportStep(Reporter.java:23)
	at utils.Reporter.reportStep(Reporter.java:46)
	at wrappers.GenericWrappers.takeSnap(GenericWrappers.java:878)
	at utils.Reporter.reportStep(Reporter.java:23)
	at utils.Reporter.reportStep(Reporter.java:46)
	at wrappers.GenericWrappers.takeSnap(GenericWrappers.java:878)
	at utils.Reporter.reportStep(Reporter.java:23)
	at utils.Reporter.reportStep(Reporter.java:46)
	at wrappers.GenericWrappers.takeSnap(GenericWrappers.java:878)
	at utils.Reporter.reportStep(Reporter.java:23)
	at utils.Reporter.reportStep(Reporter.java:46)
	at wrappers.GenericWrappers.takeSnap(GenericWrappers.java:878)
	at utils.Reporter.reportStep(Reporter.java:23)
	at utils.Reporter.reportStep(Reporter.java:46)
	at wrappers.GenericWrappers.takeSnap(GenericWrappers.java:878)
	at utils.Reporter.reportStep(Reporter.java:23)
	at utils.Reporter.reportStep(Reporter.java:46)
	at wrappers.GenericWrappers.takeSnap(GenericWrappers.java:878)
	at utils.Reporter.reportStep(Reporter.java:23)
	at utils.Reporter.reportStep(Reporter.java:46)
	at wrappers.GenericWrappers.takeSnap(GenericWrappers.java:878)
	at utils.Reporter.reportStep(Reporter.java:23)
	at utils.Reporter.reportStep(Reporter.java:46)
	at wrappers.GenericWrappers.takeSnap(GenericWrappers.java:878)
	at utils.Reporter.reportStep(Reporter.java:23)
	at utils.Reporter.reportStep(Reporter.java:46)
	at wrappers.GenericWrappers.takeSnap(GenericWrappers.java:878)
	at utils.Reporter.reportStep(Reporter.java:23)
	at utils.Reporter.reportStep(Reporter.java:46)
	at wrappers.GenericWrappers.takeSnap(GenericWrappers.java:878)
	at utils.Reporter.reportStep(Reporter.java:23)
	at utils.Reporter.reportStep(Reporter.java:46)
	at wrappers.GenericWrappers.takeSnap(GenericWrappers.java:878)
	at utils.Reporter.reportStep(Reporter.java:23)
	at utils.Reporter.reportStep(Reporter.java:46)
	at wrappers.GenericWrappers.takeSnap(GenericWrappers.java:878)
	at utils.Reporter.reportStep(Reporter.java:23)
	at utils.Reporter.reportStep(Reporter.java:46)
	at wrappers.GenericWrappers.takeSnap(GenericWrappers.java:878)
	at utils.Reporter.reportStep(Reporter.java:23)
	at utils.Reporter.reportStep(Reporter.java:46)
	at wrappers.GenericWrappers.takeSnap(GenericWrappers.java:878)
	at utils.Reporter.reportStep(Reporter.java:23)
	at utils.Reporter.reportStep(Reporter.java:46)
	at wrappers.GenericWrappers.takeSnap(GenericWrappers.java:878)
	at utils.Reporter.reportStep(Reporter.java:23)
	at utils.Reporter.reportStep(Reporter.java:46)
	at wrappers.GenericWrappers.takeSnap(GenericWrappers.java:878)
	at utils.Reporter.reportStep(Reporter.java:23)
	at utils.Reporter.reportStep(Reporter.java:46)
	at wrappers.GenericWrappers.takeSnap(GenericWrappers.java:878)
	at utils.Reporter.reportStep(Reporter.java:23)
	at utils.Reporter.reportStep(Reporter.java:46)
	at wrappers.GenericWrappers.takeSnap(GenericWrappers.java:878)
	at utils.Reporter.reportStep(Reporter.java:23)
	at utils.Reporter.reportStep(Reporter.java:46)
	at wrappers.GenericWrappers.takeSnap(GenericWrappers.java:878)
	at utils.Reporter.reportStep(Reporter.java:23)
	at utils.Reporter.reportStep(Reporter.java:46)
	at wrappers.GenericWrappers.takeSnap(GenericWrappers.java:878)
	at utils.Reporter.reportStep(Reporter.java:23)
	at utils.Reporter.reportStep(Reporter.java:46)
	at wrappers.GenericWrappers.takeSnap(GenericWrappers.java:878)
	at utils.Reporter.reportStep(Reporter.java:23)
	at utils.Reporter.reportStep(Reporter.java:46)
	at wrappers.GenericWrappers.takeSnap(GenericWrappers.java:878)
	at utils.Reporter.reportStep(Reporter.java:23)
	at utils.Reporter.reportStep(Reporter.java:46)
	at wrappers.GenericWrappers.takeSnap(GenericWrappers.java:878)
	at utils.Reporter.reportStep(Reporter.java:23)
	at utils.Reporter.reportStep(Reporter.java:46)
	at wrappers.GenericWrappers.takeSnap(GenericWrappers.java:878)
	at utils.Reporter.reportStep(Reporter.java:23)
	at utils.Reporter.reportStep(Reporter.java:46)
	at wrappers.GenericWrappers.takeSnap(GenericWrappers.java:878)
	at utils.Reporter.reportStep(Reporter.java:23)
	at utils.Reporter.reportStep(Reporter.java:46)
	at wrappers.GenericWrappers.takeSnap(GenericWrappers.java:878)
	at utils.Reporter.reportStep(Reporter.java:23)
	at utils.Reporter.reportStep(Reporter.java:46)
	at wrappers.GenericWrappers.takeSnap(GenericWrappers.java:878)
	at utils.Reporter.reportStep(Reporter.java:23)
	at utils.Reporter.reportStep(Reporter.java:46)
	at wrappers.GenericWrappers.takeSnap(GenericWrappers.java:878)
	at utils.Reporter.reportStep(Reporter.java:23)
	at utils.Reporter.reportStep(Reporter.java:46)
	at wrappers.GenericWrappers.takeSnap(GenericWrappers.java:878)
	at utils.Reporter.reportStep(Reporter.java:23)
	at utils.Reporter.reportStep(Reporter.java:46)
	at wrappers.GenericWrappers.takeSnap(GenericWrappers.java:878)
	at utils.Reporter.reportStep(Reporter.java:23)
	at utils.Reporter.reportStep(Reporter.java:46)
	at wrappers.GenericWrappers.takeSnap(GenericWrappers.java:878)
	at utils.Reporter.reportStep(Reporter.java:23)
	at utils.Reporter.reportStep(Reporter.java:46)
	at wrappers.GenericWrappers.takeSnap(GenericWrappers.java:878)
	at utils.Reporter.reportStep(Reporter.java:23)
	at utils.Reporter.reportStep(Reporter.java:46)
	at wrappers.GenericWrappers.takeSnap(GenericWrappers.java:878)
	at utils.Reporter.reportStep(Reporter.java:23)
	at utils.Reporter.reportStep(Reporter.java:46)
	at wrappers.GenericWrappers.takeSnap(GenericWrappers.java:878)
	at utils.Reporter.reportStep(Reporter.java:23)
	at utils.Reporter.reportStep(Reporter.java:46)
	at wrappers.GenericWrappers.takeSnap(GenericWrappers.java:878)
	at utils.Reporter.reportStep(Reporter.java:23)
	at utils.Reporter.reportStep(Reporter.java:46)
	at wrappers.GenericWrappers.takeSnap(GenericWrappers.java:878)
	at utils.Reporter.reportStep(Reporter.java:23)
	at utils.Reporter.reportStep(Reporter.java:46)
	at wrappers.GenericWrappers.takeSnap(GenericWrappers.java:878)
	at utils.Reporter.reportStep(Reporter.java:23)
	at utils.Reporter.reportStep(Reporter.java:46)
	at wrappers.GenericWrappers.takeSnap(GenericWrappers.java:878)
	at utils.Reporter.reportStep(Reporter.java:23)
	at utils.Reporter.reportStep(Reporter.java:46)
	at wrappers.GenericWrappers.takeSnap(GenericWrappers.java:878)
	at utils.Reporter.reportStep(Reporter.java:23)
	at utils.Reporter.reportStep(Reporter.java:46)
	at wrappers.GenericWrappers.takeSnap(GenericWrappers.java:878)
	at utils.Reporter.reportStep(Reporter.java:23)
	at utils.Reporter.reportStep(Reporter.java:46)
	at wrappers.GenericWrappers.takeSnap(GenericWrappers.java:878)
	at utils.Reporter.reportStep(Reporter.java:23)
	at utils.Reporter.reportStep(Reporter.java:46)
	at wrappers.GenericWrappers.takeSnap(GenericWrappers.java:878)
	at utils.Reporter.reportStep(Reporter.java:23)
	at utils.Reporter.reportStep(Reporter.java:46)
	at wrappers.GenericWrappers.takeSnap(GenericWrappers.java:878)
	at utils.Reporter.reportStep(Reporter.java:23)
	at utils.Reporter.reportStep(Reporter.java:46)
	at wrappers.GenericWrappers.takeSnap(GenericWrappers.java:878)
	at utils.Reporter.reportStep(Reporter.java:23)
	at utils.Reporter.reportStep(Reporter.java:46)
	at wrappers.GenericWrappers.takeSnap(GenericWrappers.java:878)
	at utils.Reporter.reportStep(Reporter.java:23)
	at utils.Reporter.reportStep(Reporter.java:46)
	at wrappers.GenericWrappers.takeSnap(GenericWrappers.java:878)
	at utils.Reporter.reportStep(Reporter.java:23)
	at utils.Reporter.reportStep(Reporter.java:46)
	at wrappers.GenericWrappers.takeSnap(GenericWrappers.java:878)
	at utils.Reporter.reportStep(Reporter.java:23)
	at utils.Reporter.reportStep(Reporter.java:46)
	at wrappers.GenericWrappers.takeSnap(GenericWrappers.java:878)
	at utils.Reporter.reportStep(Reporter.java:23)
	at utils.Reporter.reportStep(Reporter.java:46)
	at wrappers.GenericWrappers.takeSnap(GenericWrappers.java:878)
	at utils.Reporter.reportStep(Reporter.java:23)
	at utils.Reporter.reportStep(Reporter.java:46)
	at wrappers.GenericWrappers.takeSnap(GenericWrappers.java:878)
	at utils.Reporter.reportStep(Reporter.java:23)
	at utils.Reporter.reportStep(Reporter.java:46)
	at wrappers.GenericWrappers.takeSnap(GenericWrappers.java:878)
	at utils.Reporter.reportStep(Reporter.java:23)
	at utils.Reporter.reportStep(Reporter.java:46)
	at wrappers.GenericWrappers.takeSnap(GenericWrappers.java:878)
	at utils.Reporter.reportStep(Reporter.java:23)
	at utils.Reporter.reportStep(Reporter.java:46)
	at wrappers.GenericWrappers.takeSnap(GenericWrappers.java:878)
	at utils.Reporter.reportStep(Reporter.java:23)
	at utils.Reporter.reportStep(Reporter.java:46)
	at wrappers.GenericWrappers.takeSnap(GenericWrappers.java:878)
	at utils.Reporter.reportStep(Reporter.java:23)
	at utils.Reporter.reportStep(Reporter.java:46)
	at wrappers.GenericWrappers.takeSnap(GenericWrappers.java:878)
	at utils.Reporter.reportStep(Reporter.java:23)
	at utils.Reporter.reportStep(Reporter.java:46)
	at wrappers.GenericWrappers.takeSnap(GenericWrappers.java:878)
	at utils.Reporter.reportStep(Reporter.java:23)
	at utils.Reporter.reportStep(Reporter.java:46)
	at wrappers.GenericWrappers.takeSnap(GenericWrappers.java:878)
	at utils.Reporter.reportStep(Reporter.java:23)
	at utils.Reporter.reportStep(Reporter.java:46)
	at wrappers.GenericWrappers.takeSnap(GenericWrappers.java:878)
	at utils.Reporter.reportStep(Reporter.java:23)
	at utils.Reporter.reportStep(Reporter.java:46)
	at wrappers.GenericWrappers.takeSnap(GenericWrappers.java:878)
	at utils.Reporter.reportStep(Reporter.java:23)
	at utils.Reporter.reportStep(Reporter.java:46)
	at wrappers.GenericWrappers.takeSnap(GenericWrappers.java:878)
	at utils.Reporter.reportStep(Reporter.java:23)
	at utils.Reporter.reportStep(Reporter.java:46)
	at wrappers.GenericWrappers.takeSnap(GenericWrappers.java:878)
	at utils.Reporter.reportStep(Reporter.java:23)
	at utils.Reporter.reportStep(Reporter.java:46)
	at wrappers.GenericWrappers.takeSnap(GenericWrappers.java:878)
	at utils.Reporter.reportStep(Reporter.java:23)
	at utils.Reporter.reportStep(Reporter.java:46)
	at wrappers.GenericWrappers.takeSnap(GenericWrappers.java:878)
	at utils.Reporter.reportStep(Reporter.java:23)
	at utils.Reporter.reportStep(Reporter.java:46)
	at wrappers.GenericWrappers.takeSnap(GenericWrappers.java:878)
	at utils.Reporter.reportStep(Reporter.java:23)
	at utils.Reporter.reportStep(Reporter.java:46)
	at wrappers.GenericWrappers.takeSnap(GenericWrappers.java:878)
	at utils.Reporter.reportStep(Reporter.java:23)
	at utils.Reporter.reportStep(Reporter.java:46)
	at wrappers.GenericWrappers.takeSnap(GenericWrappers.java:878)
	at utils.Reporter.reportStep(Reporter.java:23)
	at utils.Reporter.reportStep(Reporter.java:46)
	at wrappers.GenericWrappers.takeSnap(GenericWrappers.java:878)
	at utils.Reporter.reportStep(Reporter.java:23)
	at utils.Reporter.reportStep(Reporter.java:46)
	at wrappers.GenericWrappers.takeSnap(GenericWrappers.java:878)
	at utils.Reporter.reportStep(Reporter.java:23)
	at utils.Reporter.reportStep(Reporter.java:46)
	at wrappers.GenericWrappers.takeSnap(GenericWrappers.java:878)
	at utils.Reporter.reportStep(Reporter.java:23)
	at utils.Reporter.reportStep(Reporter.java:46)
	at wrappers.GenericWrappers.takeSnap(GenericWrappers.java:878)
	at utils.Reporter.reportStep(Reporter.java:23)
	at utils.Reporter.reportStep(Reporter.java:46)
	at wrappers.GenericWrappers.takeSnap(GenericWrappers.java:878)
	at utils.Reporter.reportStep(Reporter.java:23)
	at utils.Reporter.reportStep(Reporter.java:46)
	at wrappers.GenericWrappers.takeSnap(GenericWrappers.java:878)
	at utils.Reporter.reportStep(Reporter.java:23)
	at utils.Reporter.reportStep(Reporter.java:46)
	at wrappers.GenericWrappers.takeSnap(GenericWrappers.java:878)
	at utils.Reporter.reportStep(Reporter.java:23)
	at utils.Reporter.reportStep(Reporter.java:46)
	at wrappers.GenericWrappers.takeSnap(GenericWrappers.java:878)
	at utils.Reporter.reportStep(Reporter.java:23)
	at utils.Reporter.reportStep(Reporter.java:46)
	at wrappers.GenericWrappers.takeSnap(GenericWrappers.java:878)
	at utils.Reporter.reportStep(Reporter.java:23)
	at utils.Reporter.reportStep(Reporter.java:46)
	at wrappers.GenericWrappers.takeSnap(GenericWrappers.java:878)
	at utils.Reporter.reportStep(Reporter.java:23)
	at utils.Reporter.reportStep(Reporter.java:46)
	at wrappers.GenericWrappers.takeSnap(GenericWrappers.java:878)
	at utils.Reporter.reportStep(Reporter.java:23)
	at utils.Reporter.reportStep(Reporter.java:46)
	at wrappers.GenericWrappers.takeSnap(GenericWrappers.java:878)
	at utils.Reporter.reportStep(Reporter.java:23)
	at utils.Reporter.reportStep(Reporter.java:46)
	at wrappers.GenericWrappers.takeSnap(GenericWrappers.java:878)
	at utils.Reporter.reportStep(Reporter.java:23)
	at utils.Reporter.reportStep(Reporter.java:46)
	at wrappers.GenericWrappers.takeSnap(GenericWrappers.java:878)
	at utils.Reporter.reportStep(Reporter.java:23)
	at utils.Reporter.reportStep(Reporter.java:46)
	at wrappers.GenericWrappers.takeSnap(GenericWrappers.java:878)
	at utils.Reporter.reportStep(Reporter.java:23)
	at utils.Reporter.reportStep(Reporter.java:46)
	at wrappers.GenericWrappers.takeSnap(GenericWrappers.java:878)
	at utils.Reporter.reportStep(Reporter.java:23)
	at utils.Reporter.reportStep(Reporter.java:46)
	at wrappers.GenericWrappers.takeSnap(GenericWrappers.java:878)
	at utils.Reporter.reportStep(Reporter.java:23)
	at utils.Reporter.reportStep(Reporter.java:46)
	at wrappers.GenericWrappers.takeSnap(GenericWrappers.java:878)
	at utils.Reporter.reportStep(Reporter.java:23)
	at utils.Reporter.reportStep(Reporter.java:46)
	at wrappers.GenericWrappers.takeSnap(GenericWrappers.java:878)
	at utils.Reporter.reportStep(Reporter.java:23)
	at utils.Reporter.reportStep(Reporter.java:46)
	at wrappers.GenericWrappers.takeSnap(GenericWrappers.java:878)
	at utils.Reporter.reportStep(Reporter.java:23)
	at utils.Reporter.reportStep(Reporter.java:46)
	at wrappers.GenericWrappers.takeSnap(GenericWrappers.java:878)
	at utils.Reporter.reportStep(Reporter.java:23)
	at utils.Reporter.reportStep(Reporter.java:46)
	at wrappers.GenericWrappers.takeSnap(GenericWrappers.java:878)
	at utils.Reporter.reportStep(Reporter.java:23)
	at utils.Reporter.reportStep(Reporter.java:46)
	at wrappers.GenericWrappers.takeSnap(GenericWrappers.java:878)
	at utils.Reporter.reportStep(Reporter.java:23)
	at utils.Reporter.reportStep(Reporter.java:46)
	at wrappers.GenericWrappers.takeSnap(GenericWrappers.java:878)
	at utils.Reporter.reportStep(Reporter.java:23)
	at utils.Reporter.reportStep(Reporter.java:46)
	at wrappers.GenericWrappers.takeSnap(GenericWrappers.java:878)
	at utils.Reporter.reportStep(Reporter.java:23)
	at utils.Reporter.reportStep(Reporter.java:46)
	at wrappers.GenericWrappers.takeSnap(GenericWrappers.java:878)
	at utils.Reporter.reportStep(Reporter.java:23)
	at utils.Reporter.reportStep(Reporter.java:46)
	at wrappers.GenericWrappers.takeSnap(GenericWrappers.java:878)
	at utils.Reporter.reportStep(Reporter.java:23)
	at utils.Reporter.reportStep(Reporter.java:46)
	at wrappers.GenericWrappers.takeSnap(GenericWrappers.java:878)
	at utils.Reporter.reportStep(Reporter.java:23)
	at utils.Reporter.reportStep(Reporter.java:46)
	at wrappers.GenericWrappers.takeSnap(GenericWrappers.java:878)
	at utils.Reporter.reportStep(Reporter.java:23)
	at utils.Reporter.reportStep(Reporter.java:46)
	at wrappers.GenericWrappers.takeSnap(GenericWrappers.java:878)
	at utils.Reporter.reportStep(Reporter.java:23)
	at utils.Reporter.reportStep(Reporter.java:46)
	at wrappers.GenericWrappers.takeSnap(GenericWrappers.java:878)
	at utils.Reporter.reportStep(Reporter.java:23)
	at utils.Reporter.reportStep(Reporter.java:46)
	at wrappers.GenericWrappers.takeSnap(GenericWrappers.java:878)
	at utils.Reporter.reportStep(Reporter.java:23)
	at utils.Reporter.reportStep(Reporter.java:46)
	at wrappers.GenericWrappers.takeSnap(GenericWrappers.java:878)
	at utils.Reporter.reportStep(Reporter.java:23)
	at utils.Reporter.reportStep(Reporter.java:46)
	at wrappers.GenericWrappers.takeSnap(GenericWrappers.java:878)
	at utils.Reporter.reportStep(Reporter.java:23)
	at utils.Reporter.reportStep(Reporter.java:46)
	at wrappers.GenericWrappers.takeSnap(GenericWrappers.java:878)
	at utils.Reporter.reportStep(Reporter.java:23)
	at utils.Reporter.reportStep(Reporter.java:46)
	at wrappers.GenericWrappers.takeSnap(GenericWrappers.java:878)
	at utils.Reporter.reportStep(Reporter.java:23)
	at utils.Reporter.reportStep(Reporter.java:46)
	at wrappers.GenericWrappers.takeSnap(GenericWrappers.java:878)
	at utils.Reporter.reportStep(Reporter.java:23)
	at utils.Reporter.reportStep(Reporter.java:46)
	at wrappers.GenericWrappers.takeSnap(GenericWrappers.java:878)
	at utils.Reporter.reportStep(Reporter.java:23)
	at utils.Reporter.reportStep(Reporter.java:46)
	at wrappers.GenericWrappers.takeSnap(GenericWrappers.java:878)
	at utils.Reporter.reportStep(Reporter.java:23)
	at utils.Reporter.reportStep(Reporter.java:46)
	at wrappers.GenericWrappers.takeSnap(GenericWrappers.java:878)
	at utils.Reporter.reportStep(Reporter.java:23)
	at utils.Reporter.reportStep(Reporter.java:46)
	at wrappers.GenericWrappers.takeSnap(GenericWrappers.java:878)
	at utils.Reporter.reportStep(Reporter.java:23)
	at utils.Reporter.reportStep(Reporter.java:46)
	at wrappers.GenericWrappers.takeSnap(GenericWrappers.java:878)
	at utils.Reporter.reportStep(Reporter.java:23)
	at utils.Reporter.reportStep(Reporter.java:46)
	at wrappers.GenericWrappers.takeSnap(GenericWrappers.java:878)
	at utils.Reporter.reportStep(Reporter.java:23)
	at utils.Reporter.reportStep(Reporter.java:46)
	at wrappers.GenericWrappers.takeSnap(GenericWrappers.java:878)
	at utils.Reporter.reportStep(Reporter.java:23)
	at utils.Reporter.reportStep(Reporter.java:46)
	at wrappers.GenericWrappers.takeSnap(GenericWrappers.java:878)
	at utils.Reporter.reportStep(Reporter.java:23)
	at utils.Reporter.reportStep(Reporter.java:46)
	at wrappers.GenericWrappers.takeSnap(GenericWrappers.java:878)
	at utils.Reporter.reportStep(Reporter.java:23)
	at utils.Reporter.reportStep(Reporter.java:46)
	at wrappers.GenericWrappers.takeSnap(GenericWrappers.java:878)
	at utils.Reporter.reportStep(Reporter.java:23)
	at utils.Reporter.reportStep(Reporter.java:46)
	at wrappers.GenericWrappers.takeSnap(GenericWrappers.java:878)
	at utils.Reporter.reportStep(Reporter.java:23)
	at utils.Reporter.reportStep(Reporter.java:46)
	at wrappers.GenericWrappers.takeSnap(GenericWrappers.java:878)
	at utils.Reporter.reportStep(Reporter.java:23)
	at utils.Reporter.reportStep(Reporter.java:46)
	at wrappers.GenericWrappers.takeSnap(GenericWrappers.java:878)
	at utils.Reporter.reportStep(Reporter.java:23)
	at utils.Reporter.reportStep(Reporter.java:46)
	at wrappers.GenericWrappers.takeSnap(GenericWrappers.java:878)
	at utils.Reporter.reportStep(Reporter.java:23)
	at utils.Reporter.reportStep(Reporter.java:46)
	at wrappers.GenericWrappers.takeSnap(GenericWrappers.java:878)
	at utils.Reporter.reportStep(Reporter.java:23)
	at utils.Reporter.reportStep(Reporter.java:46)
	at wrappers.GenericWrappers.takeSnap(GenericWrappers.java:878)
	at utils.Reporter.reportStep(Reporter.java:23)
	at utils.Reporter.reportStep(Reporter.java:46)
	at wrappers.GenericWrappers.takeSnap(GenericWrappers.java:878)
	at utils.Reporter.reportStep(Reporter.java:23)
	at utils.Reporter.reportStep(Reporter.java:46)
	at wrappers.GenericWrappers.takeSnap(GenericWrappers.java:878)
	at utils.Reporter.reportStep(Reporter.java:23)
	at utils.Reporter.reportStep(Reporter.java:46)
	at wrappers.GenericWrappers.takeSnap(GenericWrappers.java:878)
	at utils.Reporter.reportStep(Reporter.java:23)
	at utils.Reporter.reportStep(Reporter.java:46)
	at wrappers.GenericWrappers.takeSnap(GenericWrappers.java:878)
	at utils.Reporter.reportStep(Reporter.java:23)
	at utils.Reporter.reportStep(Reporter.java:46)
	at wrappers.GenericWrappers.takeSnap(GenericWrappers.java:878)
	at utils.Reporter.reportStep(Reporter.java:23)
	at utils.Reporter.reportStep(Reporter.java:46)
	at wrappers.GenericWrappers.takeSnap(GenericWrappers.java:878)
	at utils.Reporter.reportStep(Reporter.java:23)
	at utils.Reporter.reportStep(Reporter.java:46)
	at wrappers.GenericWrappers.takeSnap(GenericWrappers.java:878)
	at utils.Reporter.reportStep(Reporter.java:23)
	at utils.Reporter.reportStep(Reporter.java:46)
	at wrappers.GenericWrappers.takeSnap(GenericWrappers.java:878)
	at utils.Reporter.reportStep(Reporter.java:23)
	at utils.Reporter.reportStep(Reporter.java:46)
	at wrappers.GenericWrappers.takeSnap(GenericWrappers.java:878)
	at utils.Reporter.reportStep(Reporter.java:23)
	at utils.Reporter.reportStep(Reporter.java:46)
	at wrappers.GenericWrappers.takeSnap(GenericWrappers.java:878)
	at utils.Reporter.reportStep(Reporter.java:23)
	at utils.Reporter.reportStep(Reporter.java:46)
	at wrappers.GenericWrappers.takeSnap(GenericWrappers.java:878)
	at utils.Reporter.reportStep(Reporter.java:23)
	at utils.Reporter.reportStep(Reporter.java:46)
	at wrappers.GenericWrappers.takeSnap(GenericWrappers.java:878)
	at utils.Reporter.reportStep(Reporter.java:23)
	at utils.Reporter.reportStep(Reporter.java:46)
	at wrappers.GenericWrappers.takeSnap(GenericWrappers.java:878)
	at utils.Reporter.reportStep(Reporter.java:23)
	at utils.Reporter.reportStep(Reporter.java:46)
	at wrappers.GenericWrappers.takeSnap(GenericWrappers.java:878)
	at utils.Reporter.reportStep(Reporter.java:23)
	at utils.Reporter.reportStep(Reporter.java:46)
	at wrappers.GenericWrappers.takeSnap(GenericWrappers.java:878)
	at utils.Reporter.reportStep(Reporter.java:23)
	at utils.Reporter.reportStep(Reporter.java:46)
	at wrappers.GenericWrappers.takeSnap(GenericWrappers.java:878)
	at utils.Reporter.reportStep(Reporter.java:23)
	at utils.Reporter.reportStep(Reporter.java:46)
	at wrappers.GenericWrappers.takeSnap(GenericWrappers.java:878)
	at utils.Reporter.reportStep(Reporter.java:23)
	at utils.Reporter.reportStep(Reporter.java:46)
	at wrappers.GenericWrappers.takeSnap(GenericWrappers.java:878)
	at utils.Reporter.reportStep(Reporter.java:23)
	at utils.Reporter.reportStep(Reporter.java:46)
	at wrappers.GenericWrappers.takeSnap(GenericWrappers.java:878)
	at utils.Reporter.reportStep(Reporter.java:23)
	at utils.Reporter.reportStep(Reporter.java:46)
	at wrappers.GenericWrappers.takeSnap(GenericWrappers.java:878)
	at utils.Reporter.reportStep(Reporter.java:23)
	at utils.Reporter.reportStep(Reporter.java:46)
	at wrappers.GenericWrappers.takeSnap(GenericWrappers.java:878)
	at utils.Reporter.reportStep(Reporter.java:23)
	at utils.Reporter.reportStep(Reporter.java:46)
	at wrappers.GenericWrappers.takeSnap(GenericWrappers.java:878)
	at utils.Reporter.reportStep(Reporter.java:23)
	at utils.Reporter.reportStep(Reporter.java:46)
	at wrappers.GenericWrappers.takeSnap(GenericWrappers.java:878)
	at utils.Reporter.reportStep(Reporter.java:23)
	at utils.Reporter.reportStep(Reporter.java:46)
	at wrappers.GenericWrappers.takeSnap(GenericWrappers.java:878)
	at utils.Reporter.reportStep(Reporter.java:23)
	at utils.Reporter.reportStep(Reporter.java:46)
	at wrappers.GenericWrappers.takeSnap(GenericWrappers.java:878)
	at utils.Reporter.reportStep(Reporter.java:23)
	at utils.Reporter.reportStep(Reporter.java:46)
	at wrappers.GenericWrappers.takeSnap(GenericWrappers.java:878)
	at utils.Reporter.reportStep(Reporter.java:23)
	at utils.Reporter.reportStep(Reporter.java:46)
	at wrappers.GenericWrappers.takeSnap(GenericWrappers.java:878)
	at utils.Reporter.reportStep(Reporter.java:23)
	at utils.Reporter.reportStep(Reporter.java:46)
	at wrappers.GenericWrappers.takeSnap(GenericWrappers.java:878)
	at utils.Reporter.reportStep(Reporter.java:23)
	at utils.Reporter.reportStep(Reporter.java:46)
	at wrappers.GenericWrappers.takeSnap(GenericWrappers.java:878)
	at utils.Reporter.reportStep(Reporter.java:23)
	at utils.Reporter.reportStep(Reporter.java:46)
	at wrappers.GenericWrappers.takeSnap(GenericWrappers.java:878)
	at utils.Reporter.reportStep(Reporter.java:23)
	at utils.Reporter.reportStep(Reporter.java:46)
	at wrappers.GenericWrappers.takeSnap(GenericWrappers.java:878)
	at utils.Reporter.reportStep(Reporter.java:23)
	at utils.Reporter.reportStep(Reporter.java:46)
	at wrappers.GenericWrappers.takeSnap(GenericWrappers.java:878)
	at utils.Reporter.reportStep(Reporter.java:23)
	at utils.Reporter.reportStep(Reporter.java:46)
	at wrappers.GenericWrappers.takeSnap(GenericWrappers.java:878)
	at utils.Reporter.reportStep(Reporter.java:23)
	at utils.Reporter.reportStep(Reporter.java:46)
	at wrappers.GenericWrappers.takeSnap(GenericWrappers.java:878)
	at utils.Reporter.reportStep(Reporter.java:23)
	at utils.Reporter.reportStep(Reporter.java:46)
	at wrappers.GenericWrappers.takeSnap(GenericWrappers.java:878)
	at utils.Reporter.reportStep(Reporter.java:23)
	at utils.Reporter.reportStep(Reporter.java:46)
	at wrappers.GenericWrappers.takeSnap(GenericWrappers.java:878)
	at utils.Reporter.reportStep(Reporter.java:23)
	at utils.Reporter.reportStep(Reporter.java:46)
	at wrappers.GenericWrappers.takeSnap(GenericWrappers.java:878)
	at utils.Reporter.reportStep(Reporter.java:23)
	at utils.Reporter.reportStep(Reporter.java:46)
	at wrappers.GenericWrappers.takeSnap(GenericWrappers.java:878)
	at utils.Reporter.reportStep(Reporter.java:23)
	at utils.Reporter.reportStep(Reporter.java:46)
	at wrappers.GenericWrappers.takeSnap(GenericWrappers.java:878)
	at utils.Reporter.reportStep(Reporter.java:23)
	at utils.Reporter.reportStep(Reporter.java:46)
	at wrappers.GenericWrappers.takeSnap(GenericWrappers.java:878)
	at utils.Reporter.reportStep(Reporter.java:23)
	at utils.Reporter.reportStep(Reporter.java:46)
	at wrappers.GenericWrappers.takeSnap(GenericWrappers.java:878)
	at utils.Reporter.reportStep(Reporter.java:23)
	at utils.Reporter.reportStep(Reporter.java:46)
	at wrappers.GenericWrappers.takeSnap(GenericWrappers.java:878)
	at utils.Reporter.reportStep(Reporter.java:23)
	at utils.Reporter.reportStep(Reporter.java:46)
	at wrappers.GenericWrappers.takeSnap(GenericWrappers.java:878)
	at utils.Reporter.reportStep(Reporter.java:23)
	at utils.Reporter.reportStep(Reporter.java:46)
	at wrappers.GenericWrappers.takeSnap(GenericWrappers.java:878)
	at utils.Reporter.reportStep(Reporter.java:23)
	at utils.Reporter.reportStep(Reporter.java:46)
	at wrappers.GenericWrappers.takeSnap(GenericWrappers.java:878)
	at utils.Reporter.reportStep(Reporter.java:23)
	at utils.Reporter.reportStep(Reporter.java:46)
	at wrappers.GenericWrappers.takeSnap(GenericWrappers.java:878)
	at utils.Reporter.reportStep(Reporter.java:23)
	at utils.Reporter.reportStep(Reporter.java:46)
	at wrappers.GenericWrappers.takeSnap(GenericWrappers.java:878)
	at utils.Reporter.reportStep(Reporter.java:23)
	at utils.Reporter.reportStep(Reporter.java:46)
	at wrappers.GenericWrappers.takeSnap(GenericWrappers.java:878)
	at utils.Reporter.reportStep(Reporter.java:23)
	at utils.Reporter.reportStep(Reporter.java:46)
	at wrappers.GenericWrappers.takeSnap(GenericWrappers.java:878)
	at utils.Reporter.reportStep(Reporter.java:23)
	at utils.Reporter.reportStep(Reporter.java:46)
	at wrappers.GenericWrappers.takeSnap(GenericWrappers.java:878)
	at utils.Reporter.reportStep(Reporter.java:23)
	at utils.Reporter.reportStep(Reporter.java:46)
	at wrappers.GenericWrappers.takeSnap(GenericWrappers.java:878)
	at utils.Reporter.reportStep(Reporter.java:23)
	at utils.Reporter.reportStep(Reporter.java:46)
	at wrappers.GenericWrappers.takeSnap(GenericWrappers.java:878)
	at utils.Reporter.reportStep(Reporter.java:23)
	at utils.Reporter.reportStep(Reporter.java:46)
	at wrappers.GenericWrappers.takeSnap(GenericWrappers.java:878)
	at utils.Reporter.reportStep(Reporter.java:23)
	at utils.Reporter.reportStep(Reporter.java:46)
	at wrappers.GenericWrappers.takeSnap(GenericWrappers.java:878)
	at utils.Reporter.reportStep(Reporter.java:23)
	at utils.Reporter.reportStep(Reporter.java:46)
	at wrappers.GenericWrappers.takeSnap(GenericWrappers.java:878)
	at utils.Reporter.reportStep(Reporter.java:23)
	at utils.Reporter.reportStep(Reporter.java:46)
	at wrappers.GenericWrappers.takeSnap(GenericWrappers.java:878)
	at utils.Reporter.reportStep(Reporter.java:23)
	at utils.Reporter.reportStep(Reporter.java:46)
	at wrappers.GenericWrappers.takeSnap(GenericWrappers.java:878)
	at utils.Reporter.reportStep(Reporter.java:23)
	at utils.Reporter.reportStep(Reporter.java:46)
	at wrappers.GenericWrappers.takeSnap(GenericWrappers.java:878)
	at utils.Reporter.reportStep(Reporter.java:23)
	at utils.Reporter.reportStep(Reporter.java:46)
	at wrappers.GenericWrappers.takeSnap(GenericWrappers.java:878)
	at utils.Reporter.reportStep(Reporter.java:23)
	at utils.Reporter.reportStep(Reporter.java:46)
	at wrappers.GenericWrappers.takeSnap(GenericWrappers.java:878)
	at utils.Reporter.reportStep(Reporter.java:23)
	at utils.Reporter.reportStep(Reporter.java:46)
	at wrappers.GenericWrappers.takeSnap(GenericWrappers.java:878)
	at utils.Reporter.reportStep(Reporter.java:23)
	at utils.Reporter.reportStep(Reporter.java:46)
	at wrappers.GenericWrappers.takeSnap(GenericWrappers.java:878)
	at utils.Reporter.reportStep(Reporter.java:23)
	at utils.Reporter.reportStep(Reporter.java:46)
	at wrappers.GenericWrappers.takeSnap(GenericWrappers.java:878)
	at utils.Reporter.reportStep(Reporter.java:23)
	at utils.Reporter.reportStep(Reporter.java:46)
	at wrappers.GenericWrappers.takeSnap(GenericWrappers.java:878)
	at utils.Reporter.reportStep(Reporter.java:23)
	at utils.Reporter.reportStep(Reporter.java:46)
	at wrappers.GenericWrappers.takeSnap(GenericWrappers.java:878)
	at utils.Reporter.reportStep(Reporter.java:23)
	at utils.Reporter.reportStep(Reporter.java:46)
	at wrappers.GenericWrappers.takeSnap(GenericWrappers.java:878)
	at utils.Reporter.reportStep(Reporter.java:23)
	at utils.Reporter.reportStep(Reporter.java:46)
	at wrappers.GenericWrappers.takeSnap(GenericWrappers.java:878)
	at utils.Reporter.reportStep(Reporter.java:23)
	at utils.Reporter.reportStep(Reporter.java:46)
	at wrappers.GenericWrappers.takeSnap(GenericWrappers.java:878)
	at utils.Reporter.reportStep(Reporter.java:23)
	at utils.Reporter.reportStep(Reporter.java:46)
	at wrappers.GenericWrappers.takeSnap(GenericWrappers.java:878)
	at utils.Reporter.reportStep(Reporter.java:23)
	at utils.Reporter.reportStep(Reporter.java:46)
	at wrappers.GenericWrappers.takeSnap(GenericWrappers.java:878)
	at utils.Reporter.reportStep(Reporter.java:23)
	at utils.Reporter.reportStep(Reporter.java:46)
	at wrappers.GenericWrappers.takeSnap(GenericWrappers.java:878)
	at utils.Reporter.reportStep(Reporter.java:23)
	at utils.Reporter.reportStep(Reporter.java:46)
	at wrappers.GenericWrappers.takeSnap(GenericWrappers.java:878)
	at utils.Reporter.reportStep(Reporter.java:23)
	at utils.Reporter.reportStep(Reporter.java:46)
	at wrappers.GenericWrappers.takeSnap(GenericWrappers.java:878)
	at utils.Reporter.reportStep(Reporter.java:23)
	at utils.Reporter.reportStep(Reporter.java:46)
	at wrappers.GenericWrappers.takeSnap(GenericWrappers.java:878)
	at utils.Reporter.reportStep(Reporter.java:23)
	at utils.Reporter.reportStep(Reporter.java:46)
	at wrappers.GenericWrappers.takeSnap(GenericWrappers.java:878)
	at utils.Reporter.reportStep(Reporter.java:23)
	at utils.Reporter.reportStep(Reporter.java:46)
	at wrappers.GenericWrappers.takeSnap(GenericWrappers.java:878)
	at utils.Reporter.reportStep(Reporter.java:23)
	at utils.Reporter.reportStep(Reporter.java:46)
	at wrappers.GenericWrappers.takeSnap(GenericWrappers.java:878)
	at utils.Reporter.reportStep(Reporter.java:23)
	at utils.Reporter.reportStep(Reporter.java:46)
	at wrappers.GenericWrappers.takeSnap(GenericWrappers.java:878)
	at utils.Reporter.reportStep(Reporter.java:23)
	at utils.Reporter.reportStep(Reporter.java:46)
	at wrappers.GenericWrappers.takeSnap(GenericWrappers.java:878)
	at utils.Reporter.reportStep(Reporter.java:23)
	at utils.Reporter.reportStep(Reporter.java:46)
	at wrappers.GenericWrappers.takeSnap(GenericWrappers.java:878)
	at utils.Reporter.reportStep(Reporter.java:23)
	at utils.Reporter.reportStep(Reporter.java:46)
	at wrappers.GenericWrappers.takeSnap(GenericWrappers.java:878)
	at utils.Reporter.reportStep(Reporter.java:23)
	at utils.Reporter.reportStep(Reporter.java:46)
	at wrappers.GenericWrappers.takeSnap(GenericWrappers.java:878)
	at utils.Reporter.reportStep(Reporter.java:23)
	at utils.Reporter.reportStep(Reporter.java:46)
	at wrappers.GenericWrappers.takeSnap(GenericWrappers.java:878)
	at utils.Reporter.reportStep(Reporter.java:23)
	at utils.Reporter.reportStep(Reporter.java:46)
	at wrappers.GenericWrappers.takeSnap(GenericWrappers.java:878)
	at utils.Reporter.reportStep(Reporter.java:23)
	at utils.Reporter.reportStep(Reporter.java:46)
	at wrappers.GenericWrappers.takeSnap(GenericWrappers.java:878)
	at utils.Reporter.reportStep(Reporter.java:23)
	at utils.Reporter.reportStep(Reporter.java:46)
	at wrappers.GenericWrappers.takeSnap(GenericWrappers.java:878)
	at utils.Reporter.reportStep(Reporter.java:23)
	at utils.Reporter.reportStep(Reporter.java:46)
	at wrappers.GenericWrappers.takeSnap(GenericWrappers.java:878)
	at utils.Reporter.reportStep(Reporter.java:23)
	at utils.Reporter.reportStep(Reporter.java:46)
	at wrappers.GenericWrappers.takeSnap(GenericWrappers.java:878)
	at utils.Reporter.reportStep(Reporter.java:23)
	at utils.Reporter.reportStep(Reporter.java:46)
	at wrappers.GenericWrappers.takeSnap(GenericWrappers.java:878)
	at utils.Reporter.reportStep(Reporter.java:23)
	at utils.Reporter.reportStep(Reporter.java:46)
	at wrappers.GenericWrappers.takeSnap(GenericWrappers.java:878)
	at utils.Reporter.reportStep(Reporter.java:23)
	at utils.Reporter.reportStep(Reporter.java:46)
	at wrappers.GenericWrappers.takeSnap(GenericWrappers.java:878)
	at utils.Reporter.reportStep(Reporter.java:23)
	at utils.Reporter.reportStep(Reporter.java:46)
	at wrappers.GenericWrappers.takeSnap(GenericWrappers.java:878)
	at utils.Reporter.reportStep(Reporter.java:23)
	at utils.Reporter.reportStep(Reporter.java:46)
	at wrappers.GenericWrappers.takeSnap(GenericWrappers.java:878)
	at utils.Reporter.reportStep(Reporter.java:23)
	at utils.Reporter.reportStep(Reporter.java:46)
	at wrappers.GenericWrappers.takeSnap(GenericWrappers.java:878)
	at utils.Reporter.reportStep(Reporter.java:23)
	at utils.Reporter.reportStep(Reporter.java:46)
	at wrappers.GenericWrappers.takeSnap(GenericWrappers.java:878)
	at utils.Reporter.reportStep(Reporter.java:23)
	at utils.Reporter.reportStep(Reporter.java:46)
	at wrappers.GenericWrappers.takeSnap(GenericWrappers.java:878)
	at utils.Reporter.reportStep(Reporter.java:23)
	at utils.Reporter.reportStep(Reporter.java:46)
	at wrappers.GenericWrappers.takeSnap(GenericWrappers.java:878)
	at utils.Reporter.reportStep(Reporter.java:23)
	at utils.Reporter.reportStep(Reporter.java:46)
	at wrappers.GenericWrappers.takeSnap(GenericWrappers.java:878)
	at utils.Reporter.reportStep(Reporter.java:23)
	at utils.Reporter.reportStep(Reporter.java:46)
	at wrappers.GenericWrappers.takeSnap(GenericWrappers.java:878)
	at utils.Reporter.reportStep(Reporter.java:23)
	at utils.Reporter.reportStep(Reporter.java:46)
	at wrappers.GenericWrappers.takeSnap(GenericWrappers.java:878)
	at utils.Reporter.reportStep(Reporter.java:23)
	at utils.Reporter.reportStep(Reporter.java:46)
	at wrappers.GenericWrappers.takeSnap(GenericWrappers.java:878)
	at utils.Reporter.reportStep(Reporter.java:23)
	at utils.Reporter.reportStep(Reporter.java:46)
	at wrappers.GenericWrappers.takeSnap(GenericWrappers.java:878)
	at utils.Reporter.reportStep(Reporter.java:23)
	at utils.Reporter.reportStep(Reporter.java:46)
	at wrappers.GenericWrappers.takeSnap(GenericWrappers.java:878)
	at utils.Reporter.reportStep(Reporter.java:23)
	at utils.Reporter.reportStep(Reporter.java:46)
	at wrappers.GenericWrappers.takeSnap(GenericWrappers.java:878)
	at utils.Reporter.reportStep(Reporter.java:23)
	at utils.Reporter.reportStep(Reporter.java:46)
	at wrappers.GenericWrappers.takeSnap(GenericWrappers.java:878)
	at utils.Reporter.reportStep(Reporter.java:23)
	at utils.Reporter.reportStep(Reporter.java:46)
	at wrappers.GenericWrappers.takeSnap(GenericWrappers.java:878)
]]>
    </failure>
  </testcase> <!-- @AfterMethod afterMethod -->
  <testcase classname="testcases.TC011_MyCarZone" name="@AfterTest afterTest" time="0.0">
    <skipped/>
  </testcase> <!-- @AfterTest afterTest -->
  <testcase classname="testcases.TC011_MyCarZone" name="updateCurfewAlertMCZ" time="62.719"/>
</testsuite> <!-- Speed Alert - Update Speed Alert(failed)(failed) -->
