<?xml version="1.0" encoding="UTF-8"?>
<!-- Generated by org.testng.reporters.JUnitXMLReporter -->
<testsuite hostname="HAEI-GDC-025" failures="1" tests="1" name="Additional Drivers - Add Secondary Driver" time="149.599" errors="0" timestamp="16 Jun 2023 09:41:37 GMT">
  <testcase classname="testcases.TC013_AdditionalDrivers" name="addSecondaryDriver" time="145.219">
    <failure type="java.lang.RuntimeException" message="FAILED">
      <![CDATA[java.lang.RuntimeException: FAILED
	at utils.Reporter.reportStep(Reporter.java:36)
	at utils.Reporter.reportStep(Reporter.java:46)
	at wrappers.GenericWrappers.waitUntilElementVisisble(GenericWrappers.java:198)
	at pages.P13_AdditionalDrivers.addSecondaryDriver(P13_AdditionalDrivers.java:40)
	at testcases.TC013_AdditionalDrivers.addSecondaryDriver(TC013_AdditionalDrivers.java:19)
... Removed 24 stack frames]]>
    </failure>
  </testcase> <!-- addSecondaryDriver -->
</testsuite> <!-- Additional Drivers - Add Secondary Driver -->
