<?xml version="1.0" encoding="UTF-8"?>
<!-- Generated by org.testng.reporters.JUnitXMLReporter -->
<testsuite ignored="8" hostname="HAEI-GDC-025" failures="0" tests="1" name="Climate Schedule" time="113.669" errors="0" timestamp="2023-09-28T13:50:05 GMT-05:00">
  <testcase classname="testcases.TC008_Schedules" name="editSecondSchedule" time="100.528"/>
  <testcase classname="testcases.TC008_Schedules" name="verifyToggleOff" time="0.0">
    <ignored/>
  </testcase> <!-- verifyToggleOff -->
  <testcase classname="testcases.TC008_Schedules" name="verifyClimateScheduleButton" time="0.0">
    <ignored/>
  </testcase> <!-- verifyClimateScheduleButton -->
  <testcase classname="testcases.TC008_Schedules" name="deleteClimateSchedule" time="0.0">
    <ignored/>
  </testcase> <!-- deleteClimateSchedule -->
  <testcase classname="testcases.TC008_Schedules" name="verifyActivationToggleTurnedOn" time="0.0">
    <ignored/>
  </testcase> <!-- verifyActivationToggleTurnedOn -->
  <testcase classname="testcases.TC008_Schedules" name="editFirstSchedule" time="0.0">
    <ignored/>
  </testcase> <!-- editFirstSchedule -->
  <testcase classname="testcases.TC008_Schedules" name="closeCreateClimateSchedulePopup" time="0.0">
    <ignored/>
  </testcase> <!-- closeCreateClimateSchedulePopup -->
  <testcase classname="testcases.TC008_Schedules" name="verifyCreateClimateSchedulePopup" time="0.0">
    <ignored/>
  </testcase> <!-- verifyCreateClimateSchedulePopup -->
  <testcase classname="testcases.TC008_Schedules" name="verifyClimateSchedulePopup" time="0.0">
    <ignored/>
  </testcase> <!-- verifyClimateSchedulePopup -->
</testsuite> <!-- Climate Schedule -->
