<?xml version="1.0" encoding="UTF-8"?>
<!-- Generated by org.testng.reporters.JUnitXMLReporter -->
<testsuite ignored="44" hostname="HAEI-GDC2003278" failures="5" tests="12" name="Dashboard" time="1131.853" errors="0" timestamp="2023-12-20T00:03:32 GMT-06:00">
  <testcase classname="testcases.TC005_Dashboard" name="verifyDoorTile" time="146.497">
    <failure type="java.lang.RuntimeException" message="FAILED">
      <![CDATA[java.lang.RuntimeException: FAILED
at utils.Reporter.reportStep(Reporter.java:37)
at utils.Reporter.reportStep(Reporter.java:47)
at wrappers.GenericWrappers.waitUntilElementVisisble(GenericWrappers.java:184)
at pages.P5_Dashboard.<init>(P5_Dashboard.java:21)
at pages.P4_MyVehicles.pickTheCar(P4_MyVehicles.java:527)
at testcases.TC005_Dashboard.verifyDoorTile(TC005_Dashboard.java:127)
at java.base/java.util.ArrayList.forEach(ArrayList.java:1511)
... Removed 27 stack frames]]>
    </failure>
  </testcase> <!-- verifyDoorTile -->
  <testcase classname="testcases.TC005_Dashboard" name="verifyToastsMessageForDoorLockUnlock" time="106.498"/>
  <testcase classname="testcases.TC005_Dashboard" name="verifyStatusForDoorLockUnlockInRemote" time="140.802">
    <failure type="java.lang.RuntimeException" message="FAILED">
      <![CDATA[java.lang.RuntimeException: FAILED
at utils.Reporter.reportStep(Reporter.java:37)
at utils.Reporter.reportStep(Reporter.java:47)
at wrappers.GenericWrappers.waitUntilElementVisisble(GenericWrappers.java:184)
at pages.P5_Dashboard.<init>(P5_Dashboard.java:21)
at pages.P4_MyVehicles.pickTheCar(P4_MyVehicles.java:527)
at testcases.TC005_Dashboard.verifyStatusForDoorLockUnlockInRemote(TC005_Dashboard.java:154)
at java.base/java.util.ArrayList.forEach(ArrayList.java:1511)
... Removed 27 stack frames]]>
    </failure>
  </testcase> <!-- verifyStatusForDoorLockUnlockInRemote -->
  <testcase classname="testcases.TC005_Dashboard" name="verifyVehicleStatusForMaintenance" time="66.136">
    <failure type="org.openqa.selenium.ElementNotInteractableException" message="element not interactable
  (Session info: MicrosoftEdge=120.0.2210.77)
Build info: version: &amp;apos;4.7.2&amp;apos;, revision: &amp;apos;4d4020c3b7&amp;apos;
System info: os.name: &amp;apos;Windows 10&amp;apos;, os.arch: &amp;apos;amd64&amp;apos;, os.version: &amp;apos;10.0&amp;apos;, java.version: &amp;apos;17.0.7&amp;apos;
Driver info: org.openqa.selenium.edge.EdgeDriver
Command: [cf5dde219b84f3cb41d1520f13802571, clickElement {id=7D8608BED8882BCF1D12078B1A6B6EA2_element_115}]
Capabilities {acceptInsecureCerts: false, browserName: MicrosoftEdge, browserVersion: 120.0.2210.77, fedcm:accounts: true, ms:edgeOptions: {debuggerAddress: localhost:65094}, msedge: {msedgedriverVersion: 120.0.2210.77 (e8468c80f044..., userDataDir: C:\Users\2003278\AppData\Lo...}, networkConnectionEnabled: false, pageLoadStrategy: normal, platformName: WINDOWS, proxy: Proxy(), se:cdp: ws://localhost:65094/devtoo..., se:cdpVersion: 120.0.2210.77, setWindowRect: true, strictFileInteractability: false, timeouts: {implicit: 0, pageLoad: 300000, script: 30000}, unhandledPromptBehavior: dismiss and notify, webauthn:extension:credBlob: true, webauthn:extension:largeBlob: true, webauthn:extension:minPinLength: true, webauthn:extension:prf: true, webauthn:virtualAuthenticators: true}
Element: [[EdgeDriver: MicrosoftEdge on WINDOWS (cf5dde219b84f3cb41d1520f13802571)] -&amp;gt; xpath: //button[text()=&amp;apos;CLOSE&amp;apos;]]
Session ID: cf5dde219b84f3cb41d1520f13802571">
      <![CDATA[org.openqa.selenium.ElementNotInteractableException: element not interactable
  (Session info: MicrosoftEdge=120.0.2210.77)
Build info: version: '4.7.2', revision: '4d4020c3b7'
System info: os.name: 'Windows 10', os.arch: 'amd64', os.version: '10.0', java.version: '17.0.7'
Driver info: org.openqa.selenium.edge.EdgeDriver
Command: [cf5dde219b84f3cb41d1520f13802571, clickElement {id=7D8608BED8882BCF1D12078B1A6B6EA2_element_115}]
Capabilities {acceptInsecureCerts: false, browserName: MicrosoftEdge, browserVersion: 120.0.2210.77, fedcm:accounts: true, ms:edgeOptions: {debuggerAddress: localhost:65094}, msedge: {msedgedriverVersion: 120.0.2210.77 (e8468c80f044..., userDataDir: C:\Users\2003278\AppData\Lo...}, networkConnectionEnabled: false, pageLoadStrategy: normal, platformName: WINDOWS, proxy: Proxy(), se:cdp: ws://localhost:65094/devtoo..., se:cdpVersion: 120.0.2210.77, setWindowRect: true, strictFileInteractability: false, timeouts: {implicit: 0, pageLoad: 300000, script: 30000}, unhandledPromptBehavior: dismiss and notify, webauthn:extension:credBlob: true, webauthn:extension:largeBlob: true, webauthn:extension:minPinLength: true, webauthn:extension:prf: true, webauthn:virtualAuthenticators: true}
Element: [[EdgeDriver: MicrosoftEdge on WINDOWS (cf5dde219b84f3cb41d1520f13802571)] -> xpath: //button[text()='CLOSE']]
Session ID: cf5dde219b84f3cb41d1520f13802571
at org.openqa.selenium.remote.codec.w3c.W3CHttpResponseCodec.createException(W3CHttpResponseCodec.java:200)
at org.openqa.selenium.remote.codec.w3c.W3CHttpResponseCodec.decode(W3CHttpResponseCodec.java:133)
at org.openqa.selenium.remote.codec.w3c.W3CHttpResponseCodec.decode(W3CHttpResponseCodec.java:53)
at org.openqa.selenium.remote.HttpCommandExecutor.execute(HttpCommandExecutor.java:184)
at org.openqa.selenium.remote.service.DriverCommandExecutor.invokeExecute(DriverCommandExecutor.java:167)
at org.openqa.selenium.remote.service.DriverCommandExecutor.execute(DriverCommandExecutor.java:142)
at org.openqa.selenium.remote.RemoteWebDriver.execute(RemoteWebDriver.java:535)
at org.openqa.selenium.remote.RemoteWebElement.execute(RemoteWebElement.java:257)
at org.openqa.selenium.remote.RemoteWebElement.click(RemoteWebElement.java:78)
at pages.P4_MyVehicles.pickTheCar(P4_MyVehicles.java:525)
at testcases.TC005_Dashboard.verifyVehicleStatusForMaintenance(TC005_Dashboard.java:202)
at java.base/java.util.ArrayList.forEach(ArrayList.java:1511)
... Removed 32 stack frames]]>
    </failure>
  </testcase> <!-- verifyVehicleStatusForMaintenance -->
  <testcase classname="testcases.TC005_Dashboard" name="verifyVehicleFuelRangeAndStationNearBy" time="45.593"/>
  <testcase classname="testcases.TC005_Dashboard" name="verifyFindGasStationLocationNearBy" time="58.789"/>
  <testcase classname="testcases.TC005_Dashboard" name="verifyDoorAndWindowsSubmodules" time="40.083"/>
  <testcase classname="testcases.TC005_Dashboard" name="verifyLightSubmodulesSection" time="166.259">
    <failure type="java.lang.RuntimeException" message="FAILED">
      <![CDATA[java.lang.RuntimeException: FAILED
at utils.Reporter.reportStep(Reporter.java:37)
at utils.Reporter.reportStep(Reporter.java:47)
at wrappers.GenericWrappers.waitUntilElementVisisble(GenericWrappers.java:184)
at pages.P5_Dashboard.clickOnMaintanceVehicleStatus(P5_Dashboard.java:376)
at testcases.TC005_Dashboard.verifyLightSubmodulesSection(TC005_Dashboard.java:257)
at java.base/java.util.ArrayList.forEach(ArrayList.java:1511)
... Removed 27 stack frames]]>
    </failure>
  </testcase> <!-- verifyLightSubmodulesSection -->
  <testcase classname="testcases.TC005_Dashboard" name="verifyFluidsSubmodules" time="40.743"/>
  <testcase classname="testcases.TC005_Dashboard" name="verifySmartKeySection" time="40.049"/>
  <testcase classname="testcases.TC005_Dashboard" name="verifyVehicleStatusPopupCloseButton" time="158.239">
    <failure type="java.lang.RuntimeException" message="FAILED">
      <![CDATA[java.lang.RuntimeException: FAILED
at utils.Reporter.reportStep(Reporter.java:37)
at utils.Reporter.reportStep(Reporter.java:47)
at wrappers.GenericWrappers.waitUntilElementVisisble(GenericWrappers.java:184)
at pages.P5_Dashboard.clickOnMaintanceVehicleStatus(P5_Dashboard.java:376)
at testcases.TC005_Dashboard.verifyVehicleStatusPopupCloseButton(TC005_Dashboard.java:293)
at java.base/java.util.ArrayList.forEach(ArrayList.java:1511)
... Removed 27 stack frames]]>
    </failure>
  </testcase> <!-- verifyVehicleStatusPopupCloseButton -->
  <testcase classname="testcases.TC005_Dashboard" name="verifyDiagnosticIssue" time="38.146"/>
  <testcase classname="testcases.TC005_Dashboard" name="verifyNavigateToDriverPreference" time="0.0">
    <ignored/>
  </testcase> <!-- verifyNavigateToDriverPreference -->
  <testcase classname="testcases.TC005_Dashboard" name="closemakeAnAppointmentPopup" time="0.0">
    <ignored/>
  </testcase> <!-- closemakeAnAppointmentPopup -->
  <testcase classname="testcases.TC005_Dashboard" name="clickViewOptionAndVerifyLocationPage" time="0.0">
    <ignored/>
  </testcase> <!-- clickViewOptionAndVerifyLocationPage -->
  <testcase classname="testcases.TC005_Dashboard" name="DashboardClickRemoteClimateStartStop" time="0.0">
    <ignored/>
  </testcase> <!-- DashboardClickRemoteClimateStartStop -->
  <testcase classname="testcases.TC005_Dashboard" name="verifyRecentlyCapturedPics" time="0.0">
    <ignored/>
  </testcase> <!-- verifyRecentlyCapturedPics -->
  <testcase classname="testcases.TC005_Dashboard" name="verifyAllNotificationsCategory" time="0.0">
    <ignored/>
  </testcase> <!-- verifyAllNotificationsCategory -->
  <testcase classname="testcases.TC005_Dashboard" name="verifyRemoteNotificationsCategory" time="0.0">
    <ignored/>
  </testcase> <!-- verifyRemoteNotificationsCategory -->
  <testcase classname="testcases.TC005_Dashboard" name="createCustomField" time="0.0">
    <ignored/>
  </testcase> <!-- createCustomField -->
  <testcase classname="testcases.TC005_Dashboard" name="removeNickName" time="0.0">
    <ignored/>
  </testcase> <!-- removeNickName -->
  <testcase classname="testcases.TC005_Dashboard" name="changeDealer" time="0.0">
    <ignored/>
  </testcase> <!-- changeDealer -->
  <testcase classname="testcases.TC005_Dashboard" name="DashboardClickMasterRefresh" time="0.0">
    <ignored/>
  </testcase> <!-- DashboardClickMasterRefresh -->
  <testcase classname="testcases.TC005_Dashboard" name="verifyNavigateToSettings" time="0.0">
    <ignored/>
  </testcase> <!-- verifyNavigateToSettings -->
  <testcase classname="testcases.TC005_Dashboard" name="verifyVehicleInformationPopup" time="0.0">
    <ignored/>
  </testcase> <!-- verifyVehicleInformationPopup -->
  <testcase classname="testcases.TC005_Dashboard" name="verifyMakeAnAppointmentPopup" time="0.0">
    <ignored/>
  </testcase> <!-- verifyMakeAnAppointmentPopup -->
  <testcase classname="testcases.TC005_Dashboard" name="verifyCheckOutWhatsAround" time="0.0">
    <ignored/>
  </testcase> <!-- verifyCheckOutWhatsAround -->
  <testcase classname="testcases.TC005_Dashboard" name="verifyRequestAppointmentButton" time="0.0">
    <ignored/>
  </testcase> <!-- verifyRequestAppointmentButton -->
  <testcase classname="testcases.TC005_Dashboard" name="verifySelectNearbyDealer" time="0.0">
    <ignored/>
  </testcase> <!-- verifySelectNearbyDealer -->
  <testcase classname="testcases.TC005_Dashboard" name="updateNickName" time="0.0">
    <ignored/>
  </testcase> <!-- updateNickName -->
  <testcase classname="testcases.TC005_Dashboard" name="verifyRequestAppointment" time="0.0">
    <ignored/>
  </testcase> <!-- verifyRequestAppointment -->
  <testcase classname="testcases.TC005_Dashboard" name="verifySelectOtherRadioButton" time="0.0">
    <ignored/>
  </testcase> <!-- verifySelectOtherRadioButton -->
  <testcase classname="testcases.TC005_Dashboard" name="verifyNotificationIcon" time="0.0">
    <ignored/>
  </testcase> <!-- verifyNotificationIcon -->
  <testcase classname="testcases.TC005_Dashboard" name="closeInformationIconPopup" time="0.0">
    <ignored/>
  </testcase> <!-- closeInformationIconPopup -->
  <testcase classname="testcases.TC005_Dashboard" name="verifyViewAndTakePicOptions" time="0.0">
    <ignored/>
  </testcase> <!-- verifyViewAndTakePicOptions -->
  <testcase classname="testcases.TC005_Dashboard" name="verifyCustomFields" time="0.0">
    <ignored/>
  </testcase> <!-- verifyCustomFields -->
  <testcase classname="testcases.TC005_Dashboard" name="clickTakePicOption" time="0.0">
    <ignored/>
  </testcase> <!-- clickTakePicOption -->
  <testcase classname="testcases.TC005_Dashboard" name="stopClimateAndverifyToastMessage" time="0.0">
    <ignored/>
  </testcase> <!-- stopClimateAndverifyToastMessage -->
  <testcase classname="testcases.TC005_Dashboard" name="DashboardClickDoorUnLock" time="0.0">
    <ignored/>
  </testcase> <!-- DashboardClickDoorUnLock -->
  <testcase classname="testcases.TC005_Dashboard" name="DashboardClickRemoteClimateStartWithToggles" time="0.0">
    <ignored/>
  </testcase> <!-- DashboardClickRemoteClimateStartWithToggles -->
  <testcase classname="testcases.TC005_Dashboard" name="clickCreateCustomField" time="0.0">
    <ignored/>
  </testcase> <!-- clickCreateCustomField -->
  <testcase classname="testcases.TC005_Dashboard" name="clickPrintIcon" time="0.0">
    <ignored/>
  </testcase> <!-- clickPrintIcon -->
  <testcase classname="testcases.TC005_Dashboard" name="verifyClimateIsOffInRemote" time="0.0">
    <ignored/>
  </testcase> <!-- verifyClimateIsOffInRemote -->
  <testcase classname="testcases.TC005_Dashboard" name="verifyVinNumberInVehicleInfoPopup" time="0.0">
    <ignored/>
  </testcase> <!-- verifyVinNumberInVehicleInfoPopup -->
  <testcase classname="testcases.TC005_Dashboard" name="DashboardClickDoorLock" time="0.0">
    <ignored/>
  </testcase> <!-- DashboardClickDoorLock -->
  <testcase classname="testcases.TC005_Dashboard" name="verifySelectMaintenanceRadioButton" time="0.0">
    <ignored/>
  </testcase> <!-- verifySelectMaintenanceRadioButton -->
  <testcase classname="testcases.TC005_Dashboard" name="verifySeeAllNotifications" time="0.0">
    <ignored/>
  </testcase> <!-- verifySeeAllNotifications -->
  <testcase classname="testcases.TC005_Dashboard" name="verifyCreateCustomField" time="0.0">
    <ignored/>
  </testcase> <!-- verifyCreateCustomField -->
  <testcase classname="testcases.TC005_Dashboard" name="verifySelectVehicleRepairRadioButton" time="0.0">
    <ignored/>
  </testcase> <!-- verifySelectVehicleRepairRadioButton -->
  <testcase classname="testcases.TC005_Dashboard" name="verifyLogout" time="0.0">
    <ignored/>
  </testcase> <!-- verifyLogout -->
  <testcase classname="testcases.TC005_Dashboard" name="DashboardLastRefreshExist" time="0.0">
    <ignored/>
  </testcase> <!-- DashboardLastRefreshExist -->
  <testcase classname="testcases.TC005_Dashboard" name="verifyMakeAnAppointmentClickable" time="0.0">
    <ignored/>
  </testcase> <!-- verifyMakeAnAppointmentClickable -->
  <testcase classname="testcases.TC005_Dashboard" name="verifyAllAndRemoteCategory" time="0.0">
    <ignored/>
  </testcase> <!-- verifyAllAndRemoteCategory -->
  <testcase classname="testcases.TC005_Dashboard" name="verifyCreateCustomFieldBtnEnabled" time="0.0">
    <ignored/>
  </testcase> <!-- verifyCreateCustomFieldBtnEnabled -->
  <testcase classname="testcases.TC005_Dashboard" name="verifyGetDirections" time="0.0">
    <ignored/>
  </testcase> <!-- verifyGetDirections -->
  <testcase classname="testcases.TC005_Dashboard" name="clickAndVerifyAccountsDropdown" time="0.0">
    <ignored/>
  </testcase> <!-- clickAndVerifyAccountsDropdown -->
</testsuite> <!-- Dashboard -->
