<?xml version="1.0" encoding="UTF-8"?>
<!-- Generated by org.testng.reporters.JUnitXMLReporter -->
<testsuite hostname="ICT-2003278-AQA" name="KIA Connect Subscription - Ultimate Annually " tests="1" failures="1" timestamp="11 May 2023 17:24:01 GMT" time="135.793" errors="0">
  <testcase name="updateUltimatePackageToAnnually" time="125.443" classname="testcases.TC012_KIAConnectSubscription">
    <failure type="java.lang.RuntimeException" message="FAILED">
      <![CDATA[java.lang.RuntimeException: FAILED
	at utils.Reporter.reportStep(Reporter.java:36)
	at utils.Reporter.reportStep(Reporter.java:46)
	at wrappers.GenericWrappers.waitUntilElementVisisble(GenericWrappers.java:179)
	at pages.P4_MyVehicles.<init>(P4_MyVehicles.java:15)
	at pages.P2_Login.clkSignIn(P2_Login.java:45)
	at testcases.TC012_KIAConnectSubscription.updateUltimatePackageToAnnually(TC012_KIAConnectSubscription.java:19)
... Removed 24 stack frames]]>
    </failure>
  </testcase> <!-- updateUltimatePackageToAnnually -->
</testsuite> <!-- KIA Connect Subscription - Ultimate Annually  -->
