<?xml version="1.0" encoding="UTF-8"?>
<!-- Generated by org.testng.reporters.JUnitXMLReporter -->
<testsuite ignored="0" hostname="IND-CHN-LT12926" failures="0" tests="4" name="KIAConnectSubscription" time="282.31" errors="0" timestamp="2023-08-21T12:37:10 IST">
  <testcase classname="testcases.TC012_KIAConnectSubscription" name="clickAndVerifyGetKiaConnect" time="64.923"/>
  <testcase classname="testcases.TC012_KIAConnectSubscription" name="clickAndVerifyAccountOverview" time="56.206"/>
  <testcase classname="testcases.TC012_KIAConnectSubscription" name="clickAndVerifyMonthlySubscription" time="62.02"/>
  <testcase classname="testcases.TC012_KIAConnectSubscription" name="clickAndVerifyAnnualSubscription" time="68.438"/>
</testsuite> <!-- KIAConnectSubscription -->
