<?xml version="1.0" encoding="UTF-8"?>
<!-- Generated by org.testng.reporters.JUnitXMLReporter -->
<testsuite ignored="15" hostname="HAEI-GDC-025" failures="1" tests="1" name="Locations" time="113.134" errors="0" timestamp="2023-09-28T14:09:40 GMT-05:00">
  <testcase classname="testcases.TC009_Locations" name="verifyAddAndSendToVehicle" time="100.37">
    <failure type="java.lang.RuntimeException" message="FAILED">
      <![CDATA[java.lang.RuntimeException: FAILED
at utils.Reporter.reportStep(Reporter.java:37)
at utils.Reporter.reportStep(Reporter.java:47)
at wrappers.GenericWrappers.verifyTextByXpath(GenericWrappers.java:368)
at pages.P9_Locations.deletePois(P9_Locations.java:91)
at testcases.TC009_Locations.verifyAddAndSendToVehicle(TC009_Locations.java:61)
at java.base/java.util.ArrayList.forEach(ArrayList.java:1511)
... Removed 27 stack frames]]>
    </failure>
  </testcase> <!-- verifyAddAndSendToVehicle -->
  <testcase classname="testcases.TC009_Locations" name="unMergeTrips" time="0.0">
    <ignored/>
  </testcase> <!-- unMergeTrips -->
  <testcase classname="testcases.TC009_Locations" name="getCurrentLocations" time="0.0">
    <ignored/>
  </testcase> <!-- getCurrentLocations -->
  <testcase classname="testcases.TC009_Locations" name="verify360viewSection" time="0.0">
    <ignored/>
  </testcase> <!-- verify360viewSection -->
  <testcase classname="testcases.TC009_Locations" name="exportTripDetails" time="0.0">
    <ignored/>
  </testcase> <!-- exportTripDetails -->
  <testcase classname="testcases.TC009_Locations" name="verifyDeletePOIs" time="0.0">
    <ignored/>
  </testcase> <!-- verifyDeletePOIs -->
  <testcase classname="testcases.TC009_Locations" name="updateNotes" time="0.0">
    <ignored/>
  </testcase> <!-- updateNotes -->
  <testcase classname="testcases.TC009_Locations" name="verifyCollapseAllOption" time="0.0">
    <ignored/>
  </testcase> <!-- verifyCollapseAllOption -->
  <testcase classname="testcases.TC009_Locations" name="verifyTakePicOption" time="0.0">
    <ignored/>
  </testcase> <!-- verifyTakePicOption -->
  <testcase classname="testcases.TC009_Locations" name="verifyTripChange" time="0.0">
    <ignored/>
  </testcase> <!-- verifyTripChange -->
  <testcase classname="testcases.TC009_Locations" name="verifyTags" time="0.0">
    <ignored/>
  </testcase> <!-- verifyTags -->
  <testcase classname="testcases.TC009_Locations" name="mergeTwoTrips" time="0.0">
    <ignored/>
  </testcase> <!-- mergeTwoTrips -->
  <testcase classname="testcases.TC009_Locations" name="verifyDeleteGalleryFunction" time="0.0">
    <ignored/>
  </testcase> <!-- verifyDeleteGalleryFunction -->
  <testcase classname="testcases.TC009_Locations" name="verifyTripDetails" time="0.0">
    <ignored/>
  </testcase> <!-- verifyTripDetails -->
  <testcase classname="testcases.TC009_Locations" name="verifyGalleryDropDown" time="0.0">
    <ignored/>
  </testcase> <!-- verifyGalleryDropDown -->
  <testcase classname="testcases.TC009_Locations" name="verifyAddPOIs" time="0.0">
    <ignored/>
  </testcase> <!-- verifyAddPOIs -->
</testsuite> <!-- Locations -->
