<?xml version="1.0" encoding="UTF-8"?>
<!-- Generated by org.testng.reporters.JUnitXMLReporter -->
<testsuite ignored="5" hostname="IND-CHN-LT12926" failures="0" tests="1" name="Reference material" time="69.055" errors="0" timestamp="2023-08-22T17:34:47 IST">
  <testcase classname="testcases.TC015_ReferenceMaterial" name="verifyListAndGridViewInVideos" time="57.15"/>
  <testcase classname="testcases.TC015_ReferenceMaterial" name="verifyListAndGridView" time="0.0">
    <ignored/>
  </testcase> <!-- verifyListAndGridView -->
  <testcase classname="testcases.TC015_ReferenceMaterial" name="searchManualDocuments" time="0.0">
    <ignored/>
  </testcase> <!-- searchManualDocuments -->
  <testcase classname="testcases.TC015_ReferenceMaterial" name="searchInvalidVechileManualDocuments" time="0.0">
    <ignored/>
  </testcase> <!-- searchInvalidVechileManualDocuments -->
  <testcase classname="testcases.TC015_ReferenceMaterial" name="clickAndVerifyPdf" time="0.0">
    <ignored/>
  </testcase> <!-- clickAndVerifyPdf -->
  <testcase classname="testcases.TC015_ReferenceMaterial" name="clickAndVerifyReferenceMaterialTab" time="0.0">
    <ignored/>
  </testcase> <!-- clickAndVerifyReferenceMaterialTab -->
</testsuite> <!-- Reference material -->
