<?xml version="1.0" encoding="UTF-8"?>
<!-- Generated by org.testng.reporters.JUnitXMLReporter -->
<testsuite ignored="0" hostname="HAEI-GDC2003278" failures="13" tests="13" name="Remote Section" time="2.151" errors="0" timestamp="2023-12-20T23:21:30 GMT-06:00">
  <testcase classname="testcases.TC007_RemoteSection" name="ClimateControl" time="0.929">
    <failure type="org.testng.internal.reflect.MethodMatcherException" message="
[public void testcases.TC007_RemoteSection.ClimateControl(java.lang.String,java.lang.String,java.lang.String,java.lang.String,java.lang.String,java.lang.String,java.lang.String,java.lang.String) throws java.lang.InterruptedException] has no parameters defined but was found to be using a data provider (either explicitly specified or inherited from class level annotation).
Data provider mismatch
Method: ClimateControl([Parameter{index=0, type=java.lang.String, declaredAnnotations=[]}, Parameter{index=1, type=java.lang.String, declaredAnnotations=[]}, Parameter{index=2, type=java.lang.String, declaredAnnotations=[]}, Parameter{index=3, type=java.lang.String, declaredAnnotations=[]}, Parameter{index=4, type=java.lang.String, declaredAnnotations=[]}, Parameter{index=5, type=java.lang.String, declaredAnnotations=[]}, Parameter{index=6, type=java.lang.String, declaredAnnotations=[]}, Parameter{index=7, type=java.lang.String, declaredAnnotations=[]}])
Arguments: [(java.lang.String) sson@mailinator.com,(java.lang.String) Password1,(java.lang.String) My TELLURIDE,(java.lang.String) Remote,(java.lang.String) Locks,Doors,Windows,Trunk,Hood,(java.lang.String) Head Lamp,Stop Lamp,Turn Lamp,(java.lang.String) Engine Oil,Brake Fluid,Washer Fluid,(java.lang.String) 92708,(java.lang.String) Test,(java.lang.String) Testing]">
      <![CDATA[org.testng.internal.reflect.MethodMatcherException: 
[public void testcases.TC007_RemoteSection.ClimateControl(java.lang.String,java.lang.String,java.lang.String,java.lang.String,java.lang.String,java.lang.String,java.lang.String,java.lang.String) throws java.lang.InterruptedException] has no parameters defined but was found to be using a data provider (either explicitly specified or inherited from class level annotation).
Data provider mismatch
Method: ClimateControl([Parameter{index=0, type=java.lang.String, declaredAnnotations=[]}, Parameter{index=1, type=java.lang.String, declaredAnnotations=[]}, Parameter{index=2, type=java.lang.String, declaredAnnotations=[]}, Parameter{index=3, type=java.lang.String, declaredAnnotations=[]}, Parameter{index=4, type=java.lang.String, declaredAnnotations=[]}, Parameter{index=5, type=java.lang.String, declaredAnnotations=[]}, Parameter{index=6, type=java.lang.String, declaredAnnotations=[]}, Parameter{index=7, type=java.lang.String, declaredAnnotations=[]}])
Arguments: [(java.lang.String) sson@mailinator.com,(java.lang.String) Password1,(java.lang.String) My TELLURIDE,(java.lang.String) Remote,(java.lang.String) Locks,Doors,Windows,Trunk,Hood,(java.lang.String) Head Lamp,Stop Lamp,Turn Lamp,(java.lang.String) Engine Oil,Brake Fluid,Washer Fluid,(java.lang.String) 92708,(java.lang.String) Test,(java.lang.String) Testing]
at java.base/java.util.ArrayList.forEach(ArrayList.java:1511)
... Removed 22 stack frames]]>
    </failure>
  </testcase> <!-- ClimateControl -->
  <testcase classname="testcases.TC007_RemoteSection" name="RemoteSectionDoorUnlockRS" time="0.103">
    <failure type="org.testng.internal.reflect.MethodMatcherException" message="
[public void testcases.TC007_RemoteSection.RemoteSectionDoorUnlockRS(java.lang.String,java.lang.String,java.lang.String,java.lang.String,java.lang.String,java.lang.String,java.lang.String,java.lang.String) throws java.lang.InterruptedException] has no parameters defined but was found to be using a data provider (either explicitly specified or inherited from class level annotation).
Data provider mismatch
Method: RemoteSectionDoorUnlockRS([Parameter{index=0, type=java.lang.String, declaredAnnotations=[]}, Parameter{index=1, type=java.lang.String, declaredAnnotations=[]}, Parameter{index=2, type=java.lang.String, declaredAnnotations=[]}, Parameter{index=3, type=java.lang.String, declaredAnnotations=[]}, Parameter{index=4, type=java.lang.String, declaredAnnotations=[]}, Parameter{index=5, type=java.lang.String, declaredAnnotations=[]}, Parameter{index=6, type=java.lang.String, declaredAnnotations=[]}, Parameter{index=7, type=java.lang.String, declaredAnnotations=[]}])
Arguments: [(java.lang.String) sson@mailinator.com,(java.lang.String) Password1,(java.lang.String) My TELLURIDE,(java.lang.String) Remote,(java.lang.String) Locks,Doors,Windows,Trunk,Hood,(java.lang.String) Head Lamp,Stop Lamp,Turn Lamp,(java.lang.String) Engine Oil,Brake Fluid,Washer Fluid,(java.lang.String) 92708,(java.lang.String) Test,(java.lang.String) Testing]">
      <![CDATA[org.testng.internal.reflect.MethodMatcherException: 
[public void testcases.TC007_RemoteSection.RemoteSectionDoorUnlockRS(java.lang.String,java.lang.String,java.lang.String,java.lang.String,java.lang.String,java.lang.String,java.lang.String,java.lang.String) throws java.lang.InterruptedException] has no parameters defined but was found to be using a data provider (either explicitly specified or inherited from class level annotation).
Data provider mismatch
Method: RemoteSectionDoorUnlockRS([Parameter{index=0, type=java.lang.String, declaredAnnotations=[]}, Parameter{index=1, type=java.lang.String, declaredAnnotations=[]}, Parameter{index=2, type=java.lang.String, declaredAnnotations=[]}, Parameter{index=3, type=java.lang.String, declaredAnnotations=[]}, Parameter{index=4, type=java.lang.String, declaredAnnotations=[]}, Parameter{index=5, type=java.lang.String, declaredAnnotations=[]}, Parameter{index=6, type=java.lang.String, declaredAnnotations=[]}, Parameter{index=7, type=java.lang.String, declaredAnnotations=[]}])
Arguments: [(java.lang.String) sson@mailinator.com,(java.lang.String) Password1,(java.lang.String) My TELLURIDE,(java.lang.String) Remote,(java.lang.String) Locks,Doors,Windows,Trunk,Hood,(java.lang.String) Head Lamp,Stop Lamp,Turn Lamp,(java.lang.String) Engine Oil,Brake Fluid,Washer Fluid,(java.lang.String) 92708,(java.lang.String) Test,(java.lang.String) Testing]
at java.base/java.util.ArrayList.forEach(ArrayList.java:1511)
... Removed 22 stack frames]]>
    </failure>
  </testcase> <!-- RemoteSectionDoorUnlockRS -->
  <testcase classname="testcases.TC007_RemoteSection" name="RemoteSectionDoorLock" time="0.106">
    <failure type="org.testng.internal.reflect.MethodMatcherException" message="
[public void testcases.TC007_RemoteSection.RemoteSectionDoorLock(java.lang.String,java.lang.String,java.lang.String,java.lang.String,java.lang.String,java.lang.String,java.lang.String,java.lang.String) throws java.lang.InterruptedException] has no parameters defined but was found to be using a data provider (either explicitly specified or inherited from class level annotation).
Data provider mismatch
Method: RemoteSectionDoorLock([Parameter{index=0, type=java.lang.String, declaredAnnotations=[]}, Parameter{index=1, type=java.lang.String, declaredAnnotations=[]}, Parameter{index=2, type=java.lang.String, declaredAnnotations=[]}, Parameter{index=3, type=java.lang.String, declaredAnnotations=[]}, Parameter{index=4, type=java.lang.String, declaredAnnotations=[]}, Parameter{index=5, type=java.lang.String, declaredAnnotations=[]}, Parameter{index=6, type=java.lang.String, declaredAnnotations=[]}, Parameter{index=7, type=java.lang.String, declaredAnnotations=[]}])
Arguments: [(java.lang.String) sson@mailinator.com,(java.lang.String) Password1,(java.lang.String) My TELLURIDE,(java.lang.String) Remote,(java.lang.String) Locks,Doors,Windows,Trunk,Hood,(java.lang.String) Head Lamp,Stop Lamp,Turn Lamp,(java.lang.String) Engine Oil,Brake Fluid,Washer Fluid,(java.lang.String) 92708,(java.lang.String) Test,(java.lang.String) Testing]">
      <![CDATA[org.testng.internal.reflect.MethodMatcherException: 
[public void testcases.TC007_RemoteSection.RemoteSectionDoorLock(java.lang.String,java.lang.String,java.lang.String,java.lang.String,java.lang.String,java.lang.String,java.lang.String,java.lang.String) throws java.lang.InterruptedException] has no parameters defined but was found to be using a data provider (either explicitly specified or inherited from class level annotation).
Data provider mismatch
Method: RemoteSectionDoorLock([Parameter{index=0, type=java.lang.String, declaredAnnotations=[]}, Parameter{index=1, type=java.lang.String, declaredAnnotations=[]}, Parameter{index=2, type=java.lang.String, declaredAnnotations=[]}, Parameter{index=3, type=java.lang.String, declaredAnnotations=[]}, Parameter{index=4, type=java.lang.String, declaredAnnotations=[]}, Parameter{index=5, type=java.lang.String, declaredAnnotations=[]}, Parameter{index=6, type=java.lang.String, declaredAnnotations=[]}, Parameter{index=7, type=java.lang.String, declaredAnnotations=[]}])
Arguments: [(java.lang.String) sson@mailinator.com,(java.lang.String) Password1,(java.lang.String) My TELLURIDE,(java.lang.String) Remote,(java.lang.String) Locks,Doors,Windows,Trunk,Hood,(java.lang.String) Head Lamp,Stop Lamp,Turn Lamp,(java.lang.String) Engine Oil,Brake Fluid,Washer Fluid,(java.lang.String) 92708,(java.lang.String) Test,(java.lang.String) Testing]
at java.base/java.util.ArrayList.forEach(ArrayList.java:1511)
... Removed 22 stack frames]]>
    </failure>
  </testcase> <!-- RemoteSectionDoorLock -->
  <testcase classname="testcases.TC007_RemoteSection" name="verifyHeatedAndVentilatedSeats" time="0.101">
    <failure type="org.testng.internal.reflect.MethodMatcherException" message="
[public void testcases.TC007_RemoteSection.verifyHeatedAndVentilatedSeats(java.lang.String,java.lang.String,java.lang.String,java.lang.String,java.lang.String,java.lang.String,java.lang.String,java.lang.String) throws java.lang.InterruptedException] has no parameters defined but was found to be using a data provider (either explicitly specified or inherited from class level annotation).
Data provider mismatch
Method: verifyHeatedAndVentilatedSeats([Parameter{index=0, type=java.lang.String, declaredAnnotations=[]}, Parameter{index=1, type=java.lang.String, declaredAnnotations=[]}, Parameter{index=2, type=java.lang.String, declaredAnnotations=[]}, Parameter{index=3, type=java.lang.String, declaredAnnotations=[]}, Parameter{index=4, type=java.lang.String, declaredAnnotations=[]}, Parameter{index=5, type=java.lang.String, declaredAnnotations=[]}, Parameter{index=6, type=java.lang.String, declaredAnnotations=[]}, Parameter{index=7, type=java.lang.String, declaredAnnotations=[]}])
Arguments: [(java.lang.String) sson@mailinator.com,(java.lang.String) Password1,(java.lang.String) My TELLURIDE,(java.lang.String) Remote,(java.lang.String) Locks,Doors,Windows,Trunk,Hood,(java.lang.String) Head Lamp,Stop Lamp,Turn Lamp,(java.lang.String) Engine Oil,Brake Fluid,Washer Fluid,(java.lang.String) 92708,(java.lang.String) Test,(java.lang.String) Testing]">
      <![CDATA[org.testng.internal.reflect.MethodMatcherException: 
[public void testcases.TC007_RemoteSection.verifyHeatedAndVentilatedSeats(java.lang.String,java.lang.String,java.lang.String,java.lang.String,java.lang.String,java.lang.String,java.lang.String,java.lang.String) throws java.lang.InterruptedException] has no parameters defined but was found to be using a data provider (either explicitly specified or inherited from class level annotation).
Data provider mismatch
Method: verifyHeatedAndVentilatedSeats([Parameter{index=0, type=java.lang.String, declaredAnnotations=[]}, Parameter{index=1, type=java.lang.String, declaredAnnotations=[]}, Parameter{index=2, type=java.lang.String, declaredAnnotations=[]}, Parameter{index=3, type=java.lang.String, declaredAnnotations=[]}, Parameter{index=4, type=java.lang.String, declaredAnnotations=[]}, Parameter{index=5, type=java.lang.String, declaredAnnotations=[]}, Parameter{index=6, type=java.lang.String, declaredAnnotations=[]}, Parameter{index=7, type=java.lang.String, declaredAnnotations=[]}])
Arguments: [(java.lang.String) sson@mailinator.com,(java.lang.String) Password1,(java.lang.String) My TELLURIDE,(java.lang.String) Remote,(java.lang.String) Locks,Doors,Windows,Trunk,Hood,(java.lang.String) Head Lamp,Stop Lamp,Turn Lamp,(java.lang.String) Engine Oil,Brake Fluid,Washer Fluid,(java.lang.String) 92708,(java.lang.String) Test,(java.lang.String) Testing]
at java.base/java.util.ArrayList.forEach(ArrayList.java:1511)
... Removed 22 stack frames]]>
    </failure>
  </testcase> <!-- verifyHeatedAndVentilatedSeats -->
  <testcase classname="testcases.TC007_RemoteSection" name="RemoteSectionClimateStart" time="0.099">
    <failure type="org.testng.internal.reflect.MethodMatcherException" message="
[public void testcases.TC007_RemoteSection.RemoteSectionClimateStart(java.lang.String,java.lang.String,java.lang.String,java.lang.String,java.lang.String,java.lang.String,java.lang.String,java.lang.String) throws java.lang.InterruptedException] has no parameters defined but was found to be using a data provider (either explicitly specified or inherited from class level annotation).
Data provider mismatch
Method: RemoteSectionClimateStart([Parameter{index=0, type=java.lang.String, declaredAnnotations=[]}, Parameter{index=1, type=java.lang.String, declaredAnnotations=[]}, Parameter{index=2, type=java.lang.String, declaredAnnotations=[]}, Parameter{index=3, type=java.lang.String, declaredAnnotations=[]}, Parameter{index=4, type=java.lang.String, declaredAnnotations=[]}, Parameter{index=5, type=java.lang.String, declaredAnnotations=[]}, Parameter{index=6, type=java.lang.String, declaredAnnotations=[]}, Parameter{index=7, type=java.lang.String, declaredAnnotations=[]}])
Arguments: [(java.lang.String) sson@mailinator.com,(java.lang.String) Password1,(java.lang.String) My TELLURIDE,(java.lang.String) Remote,(java.lang.String) Locks,Doors,Windows,Trunk,Hood,(java.lang.String) Head Lamp,Stop Lamp,Turn Lamp,(java.lang.String) Engine Oil,Brake Fluid,Washer Fluid,(java.lang.String) 92708,(java.lang.String) Test,(java.lang.String) Testing]">
      <![CDATA[org.testng.internal.reflect.MethodMatcherException: 
[public void testcases.TC007_RemoteSection.RemoteSectionClimateStart(java.lang.String,java.lang.String,java.lang.String,java.lang.String,java.lang.String,java.lang.String,java.lang.String,java.lang.String) throws java.lang.InterruptedException] has no parameters defined but was found to be using a data provider (either explicitly specified or inherited from class level annotation).
Data provider mismatch
Method: RemoteSectionClimateStart([Parameter{index=0, type=java.lang.String, declaredAnnotations=[]}, Parameter{index=1, type=java.lang.String, declaredAnnotations=[]}, Parameter{index=2, type=java.lang.String, declaredAnnotations=[]}, Parameter{index=3, type=java.lang.String, declaredAnnotations=[]}, Parameter{index=4, type=java.lang.String, declaredAnnotations=[]}, Parameter{index=5, type=java.lang.String, declaredAnnotations=[]}, Parameter{index=6, type=java.lang.String, declaredAnnotations=[]}, Parameter{index=7, type=java.lang.String, declaredAnnotations=[]}])
Arguments: [(java.lang.String) sson@mailinator.com,(java.lang.String) Password1,(java.lang.String) My TELLURIDE,(java.lang.String) Remote,(java.lang.String) Locks,Doors,Windows,Trunk,Hood,(java.lang.String) Head Lamp,Stop Lamp,Turn Lamp,(java.lang.String) Engine Oil,Brake Fluid,Washer Fluid,(java.lang.String) 92708,(java.lang.String) Test,(java.lang.String) Testing]
at java.base/java.util.ArrayList.forEach(ArrayList.java:1511)
... Removed 22 stack frames]]>
    </failure>
  </testcase> <!-- RemoteSectionClimateStart -->
  <testcase classname="testcases.TC007_RemoteSection" name="climateStopCall" time="0.115">
    <failure type="org.testng.internal.reflect.MethodMatcherException" message="
[public void testcases.TC007_RemoteSection.climateStopCall(java.lang.String,java.lang.String,java.lang.String,java.lang.String,java.lang.String,java.lang.String,java.lang.String,java.lang.String) throws java.lang.InterruptedException] has no parameters defined but was found to be using a data provider (either explicitly specified or inherited from class level annotation).
Data provider mismatch
Method: climateStopCall([Parameter{index=0, type=java.lang.String, declaredAnnotations=[]}, Parameter{index=1, type=java.lang.String, declaredAnnotations=[]}, Parameter{index=2, type=java.lang.String, declaredAnnotations=[]}, Parameter{index=3, type=java.lang.String, declaredAnnotations=[]}, Parameter{index=4, type=java.lang.String, declaredAnnotations=[]}, Parameter{index=5, type=java.lang.String, declaredAnnotations=[]}, Parameter{index=6, type=java.lang.String, declaredAnnotations=[]}, Parameter{index=7, type=java.lang.String, declaredAnnotations=[]}])
Arguments: [(java.lang.String) sson@mailinator.com,(java.lang.String) Password1,(java.lang.String) My TELLURIDE,(java.lang.String) Remote,(java.lang.String) Locks,Doors,Windows,Trunk,Hood,(java.lang.String) Head Lamp,Stop Lamp,Turn Lamp,(java.lang.String) Engine Oil,Brake Fluid,Washer Fluid,(java.lang.String) 92708,(java.lang.String) Test,(java.lang.String) Testing]">
      <![CDATA[org.testng.internal.reflect.MethodMatcherException: 
[public void testcases.TC007_RemoteSection.climateStopCall(java.lang.String,java.lang.String,java.lang.String,java.lang.String,java.lang.String,java.lang.String,java.lang.String,java.lang.String) throws java.lang.InterruptedException] has no parameters defined but was found to be using a data provider (either explicitly specified or inherited from class level annotation).
Data provider mismatch
Method: climateStopCall([Parameter{index=0, type=java.lang.String, declaredAnnotations=[]}, Parameter{index=1, type=java.lang.String, declaredAnnotations=[]}, Parameter{index=2, type=java.lang.String, declaredAnnotations=[]}, Parameter{index=3, type=java.lang.String, declaredAnnotations=[]}, Parameter{index=4, type=java.lang.String, declaredAnnotations=[]}, Parameter{index=5, type=java.lang.String, declaredAnnotations=[]}, Parameter{index=6, type=java.lang.String, declaredAnnotations=[]}, Parameter{index=7, type=java.lang.String, declaredAnnotations=[]}])
Arguments: [(java.lang.String) sson@mailinator.com,(java.lang.String) Password1,(java.lang.String) My TELLURIDE,(java.lang.String) Remote,(java.lang.String) Locks,Doors,Windows,Trunk,Hood,(java.lang.String) Head Lamp,Stop Lamp,Turn Lamp,(java.lang.String) Engine Oil,Brake Fluid,Washer Fluid,(java.lang.String) 92708,(java.lang.String) Test,(java.lang.String) Testing]
at java.base/java.util.ArrayList.forEach(ArrayList.java:1511)
... Removed 22 stack frames]]>
    </failure>
  </testcase> <!-- climateStopCall -->
  <testcase classname="testcases.TC007_RemoteSection" name="RemoteSectionClimateStop" time="0.098">
    <failure type="org.testng.internal.reflect.MethodMatcherException" message="
[public void testcases.TC007_RemoteSection.RemoteSectionClimateStop(java.lang.String,java.lang.String,java.lang.String,java.lang.String,java.lang.String,java.lang.String,java.lang.String,java.lang.String) throws java.lang.InterruptedException] has no parameters defined but was found to be using a data provider (either explicitly specified or inherited from class level annotation).
Data provider mismatch
Method: RemoteSectionClimateStop([Parameter{index=0, type=java.lang.String, declaredAnnotations=[]}, Parameter{index=1, type=java.lang.String, declaredAnnotations=[]}, Parameter{index=2, type=java.lang.String, declaredAnnotations=[]}, Parameter{index=3, type=java.lang.String, declaredAnnotations=[]}, Parameter{index=4, type=java.lang.String, declaredAnnotations=[]}, Parameter{index=5, type=java.lang.String, declaredAnnotations=[]}, Parameter{index=6, type=java.lang.String, declaredAnnotations=[]}, Parameter{index=7, type=java.lang.String, declaredAnnotations=[]}])
Arguments: [(java.lang.String) sson@mailinator.com,(java.lang.String) Password1,(java.lang.String) My TELLURIDE,(java.lang.String) Remote,(java.lang.String) Locks,Doors,Windows,Trunk,Hood,(java.lang.String) Head Lamp,Stop Lamp,Turn Lamp,(java.lang.String) Engine Oil,Brake Fluid,Washer Fluid,(java.lang.String) 92708,(java.lang.String) Test,(java.lang.String) Testing]">
      <![CDATA[org.testng.internal.reflect.MethodMatcherException: 
[public void testcases.TC007_RemoteSection.RemoteSectionClimateStop(java.lang.String,java.lang.String,java.lang.String,java.lang.String,java.lang.String,java.lang.String,java.lang.String,java.lang.String) throws java.lang.InterruptedException] has no parameters defined but was found to be using a data provider (either explicitly specified or inherited from class level annotation).
Data provider mismatch
Method: RemoteSectionClimateStop([Parameter{index=0, type=java.lang.String, declaredAnnotations=[]}, Parameter{index=1, type=java.lang.String, declaredAnnotations=[]}, Parameter{index=2, type=java.lang.String, declaredAnnotations=[]}, Parameter{index=3, type=java.lang.String, declaredAnnotations=[]}, Parameter{index=4, type=java.lang.String, declaredAnnotations=[]}, Parameter{index=5, type=java.lang.String, declaredAnnotations=[]}, Parameter{index=6, type=java.lang.String, declaredAnnotations=[]}, Parameter{index=7, type=java.lang.String, declaredAnnotations=[]}])
Arguments: [(java.lang.String) sson@mailinator.com,(java.lang.String) Password1,(java.lang.String) My TELLURIDE,(java.lang.String) Remote,(java.lang.String) Locks,Doors,Windows,Trunk,Hood,(java.lang.String) Head Lamp,Stop Lamp,Turn Lamp,(java.lang.String) Engine Oil,Brake Fluid,Washer Fluid,(java.lang.String) 92708,(java.lang.String) Test,(java.lang.String) Testing]
at java.base/java.util.ArrayList.forEach(ArrayList.java:1511)
... Removed 22 stack frames]]>
    </failure>
  </testcase> <!-- RemoteSectionClimateStop -->
  <testcase classname="testcases.TC007_RemoteSection" name="verifyClimateOnChangeStatusInDashboard" time="0.1">
    <failure type="org.testng.internal.reflect.MethodMatcherException" message="
[public void testcases.TC007_RemoteSection.verifyClimateOnChangeStatusInDashboard(java.lang.String,java.lang.String,java.lang.String,java.lang.String,java.lang.String,java.lang.String,java.lang.String,java.lang.String) throws java.lang.InterruptedException] has no parameters defined but was found to be using a data provider (either explicitly specified or inherited from class level annotation).
Data provider mismatch
Method: verifyClimateOnChangeStatusInDashboard([Parameter{index=0, type=java.lang.String, declaredAnnotations=[]}, Parameter{index=1, type=java.lang.String, declaredAnnotations=[]}, Parameter{index=2, type=java.lang.String, declaredAnnotations=[]}, Parameter{index=3, type=java.lang.String, declaredAnnotations=[]}, Parameter{index=4, type=java.lang.String, declaredAnnotations=[]}, Parameter{index=5, type=java.lang.String, declaredAnnotations=[]}, Parameter{index=6, type=java.lang.String, declaredAnnotations=[]}, Parameter{index=7, type=java.lang.String, declaredAnnotations=[]}])
Arguments: [(java.lang.String) sson@mailinator.com,(java.lang.String) Password1,(java.lang.String) My TELLURIDE,(java.lang.String) Remote,(java.lang.String) Locks,Doors,Windows,Trunk,Hood,(java.lang.String) Head Lamp,Stop Lamp,Turn Lamp,(java.lang.String) Engine Oil,Brake Fluid,Washer Fluid,(java.lang.String) 92708,(java.lang.String) Test,(java.lang.String) Testing]">
      <![CDATA[org.testng.internal.reflect.MethodMatcherException: 
[public void testcases.TC007_RemoteSection.verifyClimateOnChangeStatusInDashboard(java.lang.String,java.lang.String,java.lang.String,java.lang.String,java.lang.String,java.lang.String,java.lang.String,java.lang.String) throws java.lang.InterruptedException] has no parameters defined but was found to be using a data provider (either explicitly specified or inherited from class level annotation).
Data provider mismatch
Method: verifyClimateOnChangeStatusInDashboard([Parameter{index=0, type=java.lang.String, declaredAnnotations=[]}, Parameter{index=1, type=java.lang.String, declaredAnnotations=[]}, Parameter{index=2, type=java.lang.String, declaredAnnotations=[]}, Parameter{index=3, type=java.lang.String, declaredAnnotations=[]}, Parameter{index=4, type=java.lang.String, declaredAnnotations=[]}, Parameter{index=5, type=java.lang.String, declaredAnnotations=[]}, Parameter{index=6, type=java.lang.String, declaredAnnotations=[]}, Parameter{index=7, type=java.lang.String, declaredAnnotations=[]}])
Arguments: [(java.lang.String) sson@mailinator.com,(java.lang.String) Password1,(java.lang.String) My TELLURIDE,(java.lang.String) Remote,(java.lang.String) Locks,Doors,Windows,Trunk,Hood,(java.lang.String) Head Lamp,Stop Lamp,Turn Lamp,(java.lang.String) Engine Oil,Brake Fluid,Washer Fluid,(java.lang.String) 92708,(java.lang.String) Test,(java.lang.String) Testing]
at java.base/java.util.ArrayList.forEach(ArrayList.java:1511)
... Removed 22 stack frames]]>
    </failure>
  </testcase> <!-- verifyClimateOnChangeStatusInDashboard -->
  <testcase classname="testcases.TC007_RemoteSection" name="verifyClimateStopChangeStatusInDashboard" time="0.08">
    <failure type="org.testng.internal.reflect.MethodMatcherException" message="
[public void testcases.TC007_RemoteSection.verifyClimateStopChangeStatusInDashboard(java.lang.String,java.lang.String,java.lang.String,java.lang.String,java.lang.String,java.lang.String,java.lang.String,java.lang.String) throws java.lang.InterruptedException] has no parameters defined but was found to be using a data provider (either explicitly specified or inherited from class level annotation).
Data provider mismatch
Method: verifyClimateStopChangeStatusInDashboard([Parameter{index=0, type=java.lang.String, declaredAnnotations=[]}, Parameter{index=1, type=java.lang.String, declaredAnnotations=[]}, Parameter{index=2, type=java.lang.String, declaredAnnotations=[]}, Parameter{index=3, type=java.lang.String, declaredAnnotations=[]}, Parameter{index=4, type=java.lang.String, declaredAnnotations=[]}, Parameter{index=5, type=java.lang.String, declaredAnnotations=[]}, Parameter{index=6, type=java.lang.String, declaredAnnotations=[]}, Parameter{index=7, type=java.lang.String, declaredAnnotations=[]}])
Arguments: [(java.lang.String) sson@mailinator.com,(java.lang.String) Password1,(java.lang.String) My TELLURIDE,(java.lang.String) Remote,(java.lang.String) Locks,Doors,Windows,Trunk,Hood,(java.lang.String) Head Lamp,Stop Lamp,Turn Lamp,(java.lang.String) Engine Oil,Brake Fluid,Washer Fluid,(java.lang.String) 92708,(java.lang.String) Test,(java.lang.String) Testing]">
      <![CDATA[org.testng.internal.reflect.MethodMatcherException: 
[public void testcases.TC007_RemoteSection.verifyClimateStopChangeStatusInDashboard(java.lang.String,java.lang.String,java.lang.String,java.lang.String,java.lang.String,java.lang.String,java.lang.String,java.lang.String) throws java.lang.InterruptedException] has no parameters defined but was found to be using a data provider (either explicitly specified or inherited from class level annotation).
Data provider mismatch
Method: verifyClimateStopChangeStatusInDashboard([Parameter{index=0, type=java.lang.String, declaredAnnotations=[]}, Parameter{index=1, type=java.lang.String, declaredAnnotations=[]}, Parameter{index=2, type=java.lang.String, declaredAnnotations=[]}, Parameter{index=3, type=java.lang.String, declaredAnnotations=[]}, Parameter{index=4, type=java.lang.String, declaredAnnotations=[]}, Parameter{index=5, type=java.lang.String, declaredAnnotations=[]}, Parameter{index=6, type=java.lang.String, declaredAnnotations=[]}, Parameter{index=7, type=java.lang.String, declaredAnnotations=[]}])
Arguments: [(java.lang.String) sson@mailinator.com,(java.lang.String) Password1,(java.lang.String) My TELLURIDE,(java.lang.String) Remote,(java.lang.String) Locks,Doors,Windows,Trunk,Hood,(java.lang.String) Head Lamp,Stop Lamp,Turn Lamp,(java.lang.String) Engine Oil,Brake Fluid,Washer Fluid,(java.lang.String) 92708,(java.lang.String) Test,(java.lang.String) Testing]
at java.base/java.util.ArrayList.forEach(ArrayList.java:1511)
... Removed 22 stack frames]]>
    </failure>
  </testcase> <!-- verifyClimateStopChangeStatusInDashboard -->
  <testcase classname="testcases.TC007_RemoteSection" name="verifySecurityTabFeatures" time="0.087">
    <failure type="org.testng.internal.reflect.MethodMatcherException" message="
[public void testcases.TC007_RemoteSection.verifySecurityTabFeatures(java.lang.String,java.lang.String,java.lang.String,java.lang.String,java.lang.String,java.lang.String,java.lang.String,java.lang.String) throws java.lang.InterruptedException] has no parameters defined but was found to be using a data provider (either explicitly specified or inherited from class level annotation).
Data provider mismatch
Method: verifySecurityTabFeatures([Parameter{index=0, type=java.lang.String, declaredAnnotations=[]}, Parameter{index=1, type=java.lang.String, declaredAnnotations=[]}, Parameter{index=2, type=java.lang.String, declaredAnnotations=[]}, Parameter{index=3, type=java.lang.String, declaredAnnotations=[]}, Parameter{index=4, type=java.lang.String, declaredAnnotations=[]}, Parameter{index=5, type=java.lang.String, declaredAnnotations=[]}, Parameter{index=6, type=java.lang.String, declaredAnnotations=[]}, Parameter{index=7, type=java.lang.String, declaredAnnotations=[]}])
Arguments: [(java.lang.String) sson@mailinator.com,(java.lang.String) Password1,(java.lang.String) My TELLURIDE,(java.lang.String) Remote,(java.lang.String) Locks,Doors,Windows,Trunk,Hood,(java.lang.String) Head Lamp,Stop Lamp,Turn Lamp,(java.lang.String) Engine Oil,Brake Fluid,Washer Fluid,(java.lang.String) 92708,(java.lang.String) Test,(java.lang.String) Testing]">
      <![CDATA[org.testng.internal.reflect.MethodMatcherException: 
[public void testcases.TC007_RemoteSection.verifySecurityTabFeatures(java.lang.String,java.lang.String,java.lang.String,java.lang.String,java.lang.String,java.lang.String,java.lang.String,java.lang.String) throws java.lang.InterruptedException] has no parameters defined but was found to be using a data provider (either explicitly specified or inherited from class level annotation).
Data provider mismatch
Method: verifySecurityTabFeatures([Parameter{index=0, type=java.lang.String, declaredAnnotations=[]}, Parameter{index=1, type=java.lang.String, declaredAnnotations=[]}, Parameter{index=2, type=java.lang.String, declaredAnnotations=[]}, Parameter{index=3, type=java.lang.String, declaredAnnotations=[]}, Parameter{index=4, type=java.lang.String, declaredAnnotations=[]}, Parameter{index=5, type=java.lang.String, declaredAnnotations=[]}, Parameter{index=6, type=java.lang.String, declaredAnnotations=[]}, Parameter{index=7, type=java.lang.String, declaredAnnotations=[]}])
Arguments: [(java.lang.String) sson@mailinator.com,(java.lang.String) Password1,(java.lang.String) My TELLURIDE,(java.lang.String) Remote,(java.lang.String) Locks,Doors,Windows,Trunk,Hood,(java.lang.String) Head Lamp,Stop Lamp,Turn Lamp,(java.lang.String) Engine Oil,Brake Fluid,Washer Fluid,(java.lang.String) 92708,(java.lang.String) Test,(java.lang.String) Testing]
at java.base/java.util.ArrayList.forEach(ArrayList.java:1511)
... Removed 22 stack frames]]>
    </failure>
  </testcase> <!-- verifySecurityTabFeatures -->
  <testcase classname="testcases.TC007_RemoteSection" name="performRemoteDoorLock" time="0.102">
    <failure type="org.testng.internal.reflect.MethodMatcherException" message="
[public void testcases.TC007_RemoteSection.performRemoteDoorLock(java.lang.String,java.lang.String,java.lang.String,java.lang.String,java.lang.String,java.lang.String,java.lang.String,java.lang.String) throws java.lang.InterruptedException] has no parameters defined but was found to be using a data provider (either explicitly specified or inherited from class level annotation).
Data provider mismatch
Method: performRemoteDoorLock([Parameter{index=0, type=java.lang.String, declaredAnnotations=[]}, Parameter{index=1, type=java.lang.String, declaredAnnotations=[]}, Parameter{index=2, type=java.lang.String, declaredAnnotations=[]}, Parameter{index=3, type=java.lang.String, declaredAnnotations=[]}, Parameter{index=4, type=java.lang.String, declaredAnnotations=[]}, Parameter{index=5, type=java.lang.String, declaredAnnotations=[]}, Parameter{index=6, type=java.lang.String, declaredAnnotations=[]}, Parameter{index=7, type=java.lang.String, declaredAnnotations=[]}])
Arguments: [(java.lang.String) sson@mailinator.com,(java.lang.String) Password1,(java.lang.String) My TELLURIDE,(java.lang.String) Remote,(java.lang.String) Locks,Doors,Windows,Trunk,Hood,(java.lang.String) Head Lamp,Stop Lamp,Turn Lamp,(java.lang.String) Engine Oil,Brake Fluid,Washer Fluid,(java.lang.String) 92708,(java.lang.String) Test,(java.lang.String) Testing]">
      <![CDATA[org.testng.internal.reflect.MethodMatcherException: 
[public void testcases.TC007_RemoteSection.performRemoteDoorLock(java.lang.String,java.lang.String,java.lang.String,java.lang.String,java.lang.String,java.lang.String,java.lang.String,java.lang.String) throws java.lang.InterruptedException] has no parameters defined but was found to be using a data provider (either explicitly specified or inherited from class level annotation).
Data provider mismatch
Method: performRemoteDoorLock([Parameter{index=0, type=java.lang.String, declaredAnnotations=[]}, Parameter{index=1, type=java.lang.String, declaredAnnotations=[]}, Parameter{index=2, type=java.lang.String, declaredAnnotations=[]}, Parameter{index=3, type=java.lang.String, declaredAnnotations=[]}, Parameter{index=4, type=java.lang.String, declaredAnnotations=[]}, Parameter{index=5, type=java.lang.String, declaredAnnotations=[]}, Parameter{index=6, type=java.lang.String, declaredAnnotations=[]}, Parameter{index=7, type=java.lang.String, declaredAnnotations=[]}])
Arguments: [(java.lang.String) sson@mailinator.com,(java.lang.String) Password1,(java.lang.String) My TELLURIDE,(java.lang.String) Remote,(java.lang.String) Locks,Doors,Windows,Trunk,Hood,(java.lang.String) Head Lamp,Stop Lamp,Turn Lamp,(java.lang.String) Engine Oil,Brake Fluid,Washer Fluid,(java.lang.String) 92708,(java.lang.String) Test,(java.lang.String) Testing]
at java.base/java.util.ArrayList.forEach(ArrayList.java:1511)
... Removed 22 stack frames]]>
    </failure>
  </testcase> <!-- performRemoteDoorLock -->
  <testcase classname="testcases.TC007_RemoteSection" name="performRemoteDoorUnLock" time="0.081">
    <failure type="org.testng.internal.reflect.MethodMatcherException" message="
[public void testcases.TC007_RemoteSection.performRemoteDoorUnLock(java.lang.String,java.lang.String,java.lang.String,java.lang.String,java.lang.String,java.lang.String,java.lang.String,java.lang.String) throws java.lang.InterruptedException] has no parameters defined but was found to be using a data provider (either explicitly specified or inherited from class level annotation).
Data provider mismatch
Method: performRemoteDoorUnLock([Parameter{index=0, type=java.lang.String, declaredAnnotations=[]}, Parameter{index=1, type=java.lang.String, declaredAnnotations=[]}, Parameter{index=2, type=java.lang.String, declaredAnnotations=[]}, Parameter{index=3, type=java.lang.String, declaredAnnotations=[]}, Parameter{index=4, type=java.lang.String, declaredAnnotations=[]}, Parameter{index=5, type=java.lang.String, declaredAnnotations=[]}, Parameter{index=6, type=java.lang.String, declaredAnnotations=[]}, Parameter{index=7, type=java.lang.String, declaredAnnotations=[]}])
Arguments: [(java.lang.String) sson@mailinator.com,(java.lang.String) Password1,(java.lang.String) My TELLURIDE,(java.lang.String) Remote,(java.lang.String) Locks,Doors,Windows,Trunk,Hood,(java.lang.String) Head Lamp,Stop Lamp,Turn Lamp,(java.lang.String) Engine Oil,Brake Fluid,Washer Fluid,(java.lang.String) 92708,(java.lang.String) Test,(java.lang.String) Testing]">
      <![CDATA[org.testng.internal.reflect.MethodMatcherException: 
[public void testcases.TC007_RemoteSection.performRemoteDoorUnLock(java.lang.String,java.lang.String,java.lang.String,java.lang.String,java.lang.String,java.lang.String,java.lang.String,java.lang.String) throws java.lang.InterruptedException] has no parameters defined but was found to be using a data provider (either explicitly specified or inherited from class level annotation).
Data provider mismatch
Method: performRemoteDoorUnLock([Parameter{index=0, type=java.lang.String, declaredAnnotations=[]}, Parameter{index=1, type=java.lang.String, declaredAnnotations=[]}, Parameter{index=2, type=java.lang.String, declaredAnnotations=[]}, Parameter{index=3, type=java.lang.String, declaredAnnotations=[]}, Parameter{index=4, type=java.lang.String, declaredAnnotations=[]}, Parameter{index=5, type=java.lang.String, declaredAnnotations=[]}, Parameter{index=6, type=java.lang.String, declaredAnnotations=[]}, Parameter{index=7, type=java.lang.String, declaredAnnotations=[]}])
Arguments: [(java.lang.String) sson@mailinator.com,(java.lang.String) Password1,(java.lang.String) My TELLURIDE,(java.lang.String) Remote,(java.lang.String) Locks,Doors,Windows,Trunk,Hood,(java.lang.String) Head Lamp,Stop Lamp,Turn Lamp,(java.lang.String) Engine Oil,Brake Fluid,Washer Fluid,(java.lang.String) 92708,(java.lang.String) Test,(java.lang.String) Testing]
at java.base/java.util.ArrayList.forEach(ArrayList.java:1511)
... Removed 22 stack frames]]>
    </failure>
  </testcase> <!-- performRemoteDoorUnLock -->
  <testcase classname="testcases.TC007_RemoteSection" name="verifyCloseOptionInToastMessage" time="0.089">
    <failure type="org.testng.internal.reflect.MethodMatcherException" message="
[public void testcases.TC007_RemoteSection.verifyCloseOptionInToastMessage(java.lang.String,java.lang.String,java.lang.String,java.lang.String,java.lang.String,java.lang.String,java.lang.String,java.lang.String) throws java.lang.InterruptedException] has no parameters defined but was found to be using a data provider (either explicitly specified or inherited from class level annotation).
Data provider mismatch
Method: verifyCloseOptionInToastMessage([Parameter{index=0, type=java.lang.String, declaredAnnotations=[]}, Parameter{index=1, type=java.lang.String, declaredAnnotations=[]}, Parameter{index=2, type=java.lang.String, declaredAnnotations=[]}, Parameter{index=3, type=java.lang.String, declaredAnnotations=[]}, Parameter{index=4, type=java.lang.String, declaredAnnotations=[]}, Parameter{index=5, type=java.lang.String, declaredAnnotations=[]}, Parameter{index=6, type=java.lang.String, declaredAnnotations=[]}, Parameter{index=7, type=java.lang.String, declaredAnnotations=[]}])
Arguments: [(java.lang.String) sson@mailinator.com,(java.lang.String) Password1,(java.lang.String) My TELLURIDE,(java.lang.String) Remote,(java.lang.String) Locks,Doors,Windows,Trunk,Hood,(java.lang.String) Head Lamp,Stop Lamp,Turn Lamp,(java.lang.String) Engine Oil,Brake Fluid,Washer Fluid,(java.lang.String) 92708,(java.lang.String) Test,(java.lang.String) Testing]">
      <![CDATA[org.testng.internal.reflect.MethodMatcherException: 
[public void testcases.TC007_RemoteSection.verifyCloseOptionInToastMessage(java.lang.String,java.lang.String,java.lang.String,java.lang.String,java.lang.String,java.lang.String,java.lang.String,java.lang.String) throws java.lang.InterruptedException] has no parameters defined but was found to be using a data provider (either explicitly specified or inherited from class level annotation).
Data provider mismatch
Method: verifyCloseOptionInToastMessage([Parameter{index=0, type=java.lang.String, declaredAnnotations=[]}, Parameter{index=1, type=java.lang.String, declaredAnnotations=[]}, Parameter{index=2, type=java.lang.String, declaredAnnotations=[]}, Parameter{index=3, type=java.lang.String, declaredAnnotations=[]}, Parameter{index=4, type=java.lang.String, declaredAnnotations=[]}, Parameter{index=5, type=java.lang.String, declaredAnnotations=[]}, Parameter{index=6, type=java.lang.String, declaredAnnotations=[]}, Parameter{index=7, type=java.lang.String, declaredAnnotations=[]}])
Arguments: [(java.lang.String) sson@mailinator.com,(java.lang.String) Password1,(java.lang.String) My TELLURIDE,(java.lang.String) Remote,(java.lang.String) Locks,Doors,Windows,Trunk,Hood,(java.lang.String) Head Lamp,Stop Lamp,Turn Lamp,(java.lang.String) Engine Oil,Brake Fluid,Washer Fluid,(java.lang.String) 92708,(java.lang.String) Test,(java.lang.String) Testing]
at java.base/java.util.ArrayList.forEach(ArrayList.java:1511)
... Removed 22 stack frames]]>
    </failure>
  </testcase> <!-- verifyCloseOptionInToastMessage -->
</testsuite> <!-- Remote Section -->
