<?xml version="1.0" encoding="UTF-8"?>
<!-- Generated by org.testng.reporters.JUnitXMLReporter -->
<testsuite hostname="HAEI-GDC-025" failures="0" tests="5" name="Schedules" time="406.319" errors="0" timestamp="16 Jun 2023 08:57:35 GMT">
  <testcase classname="testcases.TC008_Schedules" name="createNewSchedule" time="62.987"/>
  <testcase classname="testcases.TC008_Schedules" name="updateExistingSchedule" time="59.016"/>
  <testcase classname="testcases.TC008_Schedules" name="enableParentToggle" time="57.441"/>
  <testcase classname="testcases.TC008_Schedules" name="scheduleIsDisplayedRemoteSection" time="161.552"/>
  <testcase classname="testcases.TC008_Schedules" name="deleteSchedule" time="42.845"/>
</testsuite> <!-- Schedules -->
